2001.03.31 00:15 B C:\Downloads\Atomic Bomberman\0.RMP <--  /d:/Spil/Atomic Bomberman 0.RMP
2001.03.31 00:15 B C:\Downloads\Atomic Bomberman\1.RMP <--  /d:/Spil/Atomic Bomberman 1.RMP
2001.03.31 00:15 B C:\Downloads\Atomic Bomberman\2.RMP <--  /d:/Spil/Atomic Bomberman 2.RMP
2001.03.31 00:15 B C:\Downloads\Atomic Bomberman\3.RMP <--  /d:/Spil/Atomic Bomberman 3.RMP
2001.03.31 00:15 B C:\Downloads\Atomic Bomberman\4.RMP <--  /d:/Spil/Atomic Bomberman 4.RMP
2001.03.31 00:15 B C:\Downloads\Atomic Bomberman\5.RMP <--  /d:/Spil/Atomic Bomberman 5.RMP
2001.03.31 00:15 B C:\Downloads\Atomic Bomberman\6.RMP <--  /d:/Spil/Atomic Bomberman 6.RMP
2001.03.31 00:15 B C:\Downloads\Atomic Bomberman\7.RMP <--  /d:/Spil/Atomic Bomberman 7.RMP
2001.03.31 00:15 B C:\Downloads\Atomic Bomberman\8.RMP <--  /d:/Spil/Atomic Bomberman 8.RMP
2001.03.31 00:15 B C:\Downloads\Atomic Bomberman\9.RMP <--  /d:/Spil/Atomic Bomberman 9.RMP
2001.03.31 00:15 B C:\Downloads\Atomic Bomberman\BM95.EXE <--  /d:/Spil/Atomic Bomberman BM95.EXE
2001.03.31 00:15 B C:\Downloads\Atomic Bomberman\BM95.ICO <--  /d:/Spil/Atomic Bomberman BM95.ICO
2001.03.31 00:15 B C:\Downloads\Atomic Bomberman\BM95.RES <--  /d:/Spil/Atomic Bomberman BM95.RES
2001.03.31 00:15 B C:\Downloads\Atomic Bomberman\BMSTATS.DAT <--  /d:/Spil/Atomic Bomberman BMSTATS.DAT
2001.03.31 00:15 B C:\Downloads\Atomic Bomberman\BMSTATS.TXT <--  /d:/Spil/Atomic Bomberman BMSTATS.TXT
2001.03.31 00:15 B C:\Downloads\Atomic Bomberman\CFG.INI <--  /d:/Spil/Atomic Bomberman CFG.INI
2001.03.31 00:15 B C:\Downloads\Atomic Bomberman\COLOR.PAL <--  /d:/Spil/Atomic Bomberman COLOR.PAL
2001.03.31 00:15 B C:\Downloads\Atomic Bomberman\CREDITS.BM <--  /d:/Spil/Atomic Bomberman CREDITS.BM
2001.03.31 00:15 B C:\Downloads\Atomic Bomberman\CRITLOG.TXT <--  /d:/Spil/Atomic Bomberman CRITLOG.TXT
2001.03.31 00:15 B C:\Downloads\Atomic Bomberman\EDITOR.BM <--  /d:/Spil/Atomic Bomberman EDITOR.BM
2001.03.31 00:15 B C:\Downloads\Atomic Bomberman\FONT0.FON <--  /d:/Spil/Atomic Bomberman FONT0.FON
2001.03.31 00:15 B C:\Downloads\Atomic Bomberman\FONT1.FON <--  /d:/Spil/Atomic Bomberman FONT1.FON
2001.03.31 00:15 B C:\Downloads\Atomic Bomberman\FONT6.FON <--  /d:/Spil/Atomic Bomberman FONT6.FON
2001.03.31 00:15 B C:\Downloads\Atomic Bomberman\HIGHMEM.BM <--  /d:/Spil/Atomic Bomberman HIGHMEM.BM
2001.03.31 00:15 B C:\Downloads\Atomic Bomberman\INPUT.BM <--  /d:/Spil/Atomic Bomberman INPUT.BM
2001.03.31 00:15 B C:\Downloads\Atomic Bomberman\LEVELS.DAT <--  /d:/Spil/Atomic Bomberman LEVELS.DAT
2001.03.31 00:15 B C:\Downloads\Atomic Bomberman\LOWMEM.BM <--  /d:/Spil/Atomic Bomberman LOWMEM.BM
2001.03.31 00:15 B C:\Downloads\Atomic Bomberman\MAKECFG.EXE <--  /d:/Spil/Atomic Bomberman MAKECFG.EXE
2001.03.31 00:15 B C:\Downloads\Atomic Bomberman\manual.bm <--  /d:/Spil/Atomic Bomberman manual.bm
2001.03.31 00:15 B C:\Downloads\Atomic Bomberman\MESSAGES.TXT <--  /d:/Spil/Atomic Bomberman MESSAGES.TXT
2001.03.31 00:15 B C:\Downloads\Atomic Bomberman\NETWORK.BM <--  /d:/Spil/Atomic Bomberman NETWORK.BM
2001.03.31 00:15 B C:\Downloads\Atomic Bomberman\NODENAME.INI <--  /d:/Spil/Atomic Bomberman NODENAME.INI
2001.03.31 00:15 B C:\Downloads\Atomic Bomberman\OPTIONS.BM <--  /d:/Spil/Atomic Bomberman OPTIONS.BM
2001.03.31 00:15 B C:\Downloads\Atomic Bomberman\OPTIONS.INI <--  /d:/Spil/Atomic Bomberman OPTIONS.INI
2001.03.31 00:15 B C:\Downloads\Atomic Bomberman\README.BM <--  /d:/Spil/Atomic Bomberman README.BM
2001.03.31 00:15 B C:\Downloads\Atomic Bomberman\README.TXT <--  /d:/Spil/Atomic Bomberman README.TXT
2001.03.31 00:15 B C:\Downloads\Atomic Bomberman\ROULETTE.BM <--  /d:/Spil/Atomic Bomberman ROULETTE.BM
2001.03.31 00:15 B C:\Downloads\Atomic Bomberman\UNINST.LOG <--  /d:/Spil/Atomic Bomberman UNINST.LOG
