2001.03.31 00:08 B C:\Downloads\Atomic Bomberman\DATA\SOUND\1006.RSS <--  /d:/Spil/Atomic Bomberman/DATA/SOUND 1006.RSS
2001.03.31 00:08 B C:\Downloads\Atomic Bomberman\DATA\SOUND\1017.RSS <--  /d:/Spil/Atomic Bomberman/DATA/SOUND 1017.RSS
2001.03.31 00:08 B C:\Downloads\Atomic Bomberman\DATA\SOUND\1028.RSS <--  /d:/Spil/Atomic Bomberman/DATA/SOUND 1028.RSS
2001.03.31 00:08 B C:\Downloads\Atomic Bomberman\DATA\SOUND\1036.RSS <--  /d:/Spil/Atomic Bomberman/DATA/SOUND 1036.RSS
2001.03.31 00:08 B C:\Downloads\Atomic Bomberman\DATA\SOUND\1041.RSS <--  /d:/Spil/Atomic Bomberman/DATA/SOUND 1041.RSS
2001.03.31 00:08 B C:\Downloads\Atomic Bomberman\DATA\SOUND\1045.RSS <--  /d:/Spil/Atomic Bomberman/DATA/SOUND 1045.RSS
2001.03.31 00:08 B C:\Downloads\Atomic Bomberman\DATA\SOUND\1049.RSS <--  /d:/Spil/Atomic Bomberman/DATA/SOUND 1049.RSS
2001.03.31 00:08 B C:\Downloads\Atomic Bomberman\DATA\SOUND\1055.RSS <--  /d:/Spil/Atomic Bomberman/DATA/SOUND 1055.RSS
2001.03.31 00:08 B C:\Downloads\Atomic Bomberman\DATA\SOUND\1059.RSS <--  /d:/Spil/Atomic Bomberman/DATA/SOUND 1059.RSS
2001.03.31 00:08 B C:\Downloads\Atomic Bomberman\DATA\SOUND\1062.RSS <--  /d:/Spil/Atomic Bomberman/DATA/SOUND 1062.RSS
2001.03.31 00:08 B C:\Downloads\Atomic Bomberman\DATA\SOUND\1074.RSS <--  /d:/Spil/Atomic Bomberman/DATA/SOUND 1074.RSS
2001.03.31 00:08 B C:\Downloads\Atomic Bomberman\DATA\SOUND\2MUCPAIN.RSS <--  /d:/Spil/Atomic Bomberman/DATA/SOUND 2MUCPAIN.RSS
2001.03.31 00:09 B C:\Downloads\Atomic Bomberman\DATA\SOUND\ALARM1.RSS <--  /d:/Spil/Atomic Bomberman/DATA/SOUND ALARM1.RSS
2001.03.31 00:09 B C:\Downloads\Atomic Bomberman\DATA\SOUND\ALARM10.RSS <--  /d:/Spil/Atomic Bomberman/DATA/SOUND ALARM10.RSS
2001.03.31 00:09 B C:\Downloads\Atomic Bomberman\DATA\SOUND\ALARM11.RSS <--  /d:/Spil/Atomic Bomberman/DATA/SOUND ALARM11.RSS
2001.03.31 00:09 B C:\Downloads\Atomic Bomberman\DATA\SOUND\ALARM12.RSS <--  /d:/Spil/Atomic Bomberman/DATA/SOUND ALARM12.RSS
2001.03.31 00:09 B C:\Downloads\Atomic Bomberman\DATA\SOUND\ALARM13.RSS <--  /d:/Spil/Atomic Bomberman/DATA/SOUND ALARM13.RSS
2001.03.31 00:09 B C:\Downloads\Atomic Bomberman\DATA\SOUND\ALARM2.RSS <--  /d:/Spil/Atomic Bomberman/DATA/SOUND ALARM2.RSS
2001.03.31 00:09 B C:\Downloads\Atomic Bomberman\DATA\SOUND\ALARM3.RSS <--  /d:/Spil/Atomic Bomberman/DATA/SOUND ALARM3.RSS
2001.03.31 00:09 B C:\Downloads\Atomic Bomberman\DATA\SOUND\ALARM4.RSS <--  /d:/Spil/Atomic Bomberman/DATA/SOUND ALARM4.RSS
2001.03.31 00:09 B C:\Downloads\Atomic Bomberman\DATA\SOUND\ALARM5.RSS <--  /d:/Spil/Atomic Bomberman/DATA/SOUND ALARM5.RSS
2001.03.31 00:09 B C:\Downloads\Atomic Bomberman\DATA\SOUND\ALARM6.RSS <--  /d:/Spil/Atomic Bomberman/DATA/SOUND ALARM6.RSS
2001.03.31 00:09 B C:\Downloads\Atomic Bomberman\DATA\SOUND\ALARM7.RSS <--  /d:/Spil/Atomic Bomberman/DATA/SOUND ALARM7.RSS
2001.03.31 00:09 B C:\Downloads\Atomic Bomberman\DATA\SOUND\ALARM8.RSS <--  /d:/Spil/Atomic Bomberman/DATA/SOUND ALARM8.RSS
2001.03.31 00:09 B C:\Downloads\Atomic Bomberman\DATA\SOUND\ALARM9.RSS <--  /d:/Spil/Atomic Bomberman/DATA/SOUND ALARM9.RSS
2001.03.31 00:09 B C:\Downloads\Atomic Bomberman\DATA\SOUND\ALLRITE.RSS <--  /d:/Spil/Atomic Bomberman/DATA/SOUND ALLRITE.RSS
2001.03.31 00:09 B C:\Downloads\Atomic Bomberman\DATA\SOUND\ASSKILL.RSS <--  /d:/Spil/Atomic Bomberman/DATA/SOUND ASSKILL.RSS
2001.03.31 00:09 B C:\Downloads\Atomic Bomberman\DATA\SOUND\BACKUP.RSS <--  /d:/Spil/Atomic Bomberman/DATA/SOUND BACKUP.RSS
2001.03.31 00:09 B C:\Downloads\Atomic Bomberman\DATA\SOUND\BACKUP1.RSS <--  /d:/Spil/Atomic Bomberman/DATA/SOUND BACKUP1.RSS
2001.03.31 00:09 B C:\Downloads\Atomic Bomberman\DATA\SOUND\BEEP.RSS <--  /d:/Spil/Atomic Bomberman/DATA/SOUND BEEP.RSS
2001.03.31 00:09 B C:\Downloads\Atomic Bomberman\DATA\SOUND\BEEPS.RSS <--  /d:/Spil/Atomic Bomberman/DATA/SOUND BEEPS.RSS
2001.03.31 00:09 B C:\Downloads\Atomic Bomberman\DATA\SOUND\BMBSTOP1.RSS <--  /d:/Spil/Atomic Bomberman/DATA/SOUND BMBSTOP1.RSS
2001.03.31 00:09 B C:\Downloads\Atomic Bomberman\DATA\SOUND\BMBSTOP2.RSS <--  /d:/Spil/Atomic Bomberman/DATA/SOUND BMBSTOP2.RSS
2001.03.31 00:09 B C:\Downloads\Atomic Bomberman\DATA\SOUND\BMBTHRW1.RSS <--  /d:/Spil/Atomic Bomberman/DATA/SOUND BMBTHRW1.RSS
2001.03.31 00:09 B C:\Downloads\Atomic Bomberman\DATA\SOUND\BMBTHRW3.RSS <--  /d:/Spil/Atomic Bomberman/DATA/SOUND BMBTHRW3.RSS
2001.03.31 00:09 B C:\Downloads\Atomic Bomberman\DATA\SOUND\BMBTHRW4.RSS <--  /d:/Spil/Atomic Bomberman/DATA/SOUND BMBTHRW4.RSS
2001.03.31 00:09 B C:\Downloads\Atomic Bomberman\DATA\SOUND\BMBTHRW5.RSS <--  /d:/Spil/Atomic Bomberman/DATA/SOUND BMBTHRW5.RSS
2001.03.31 00:09 B C:\Downloads\Atomic Bomberman\DATA\SOUND\BMDROP1.RSS <--  /d:/Spil/Atomic Bomberman/DATA/SOUND BMDROP1.RSS
2001.03.31 00:09 B C:\Downloads\Atomic Bomberman\DATA\SOUND\BMDROP2.RSS <--  /d:/Spil/Atomic Bomberman/DATA/SOUND BMDROP2.RSS
2001.03.31 00:09 B C:\Downloads\Atomic Bomberman\DATA\SOUND\BMDROP3.RSS <--  /d:/Spil/Atomic Bomberman/DATA/SOUND BMDROP3.RSS
2001.03.31 00:09 B C:\Downloads\Atomic Bomberman\DATA\SOUND\BOING1.RSS <--  /d:/Spil/Atomic Bomberman/DATA/SOUND BOING1.RSS
2001.03.31 00:09 B C:\Downloads\Atomic Bomberman\DATA\SOUND\BOING2.RSS <--  /d:/Spil/Atomic Bomberman/DATA/SOUND BOING2.RSS
2001.03.31 00:09 B C:\Downloads\Atomic Bomberman\DATA\SOUND\BOMB1.RSS <--  /d:/Spil/Atomic Bomberman/DATA/SOUND BOMB1.RSS
2001.03.31 00:09 B C:\Downloads\Atomic Bomberman\DATA\SOUND\BOMB10.RSS <--  /d:/Spil/Atomic Bomberman/DATA/SOUND BOMB10.RSS
2001.03.31 00:09 B C:\Downloads\Atomic Bomberman\DATA\SOUND\BOMB11.RSS <--  /d:/Spil/Atomic Bomberman/DATA/SOUND BOMB11.RSS
2001.03.31 00:09 B C:\Downloads\Atomic Bomberman\DATA\SOUND\BOMB12.RSS <--  /d:/Spil/Atomic Bomberman/DATA/SOUND BOMB12.RSS
2001.03.31 00:09 B C:\Downloads\Atomic Bomberman\DATA\SOUND\BOMB12B.RSS <--  /d:/Spil/Atomic Bomberman/DATA/SOUND BOMB12B.RSS
2001.03.31 00:09 B C:\Downloads\Atomic Bomberman\DATA\SOUND\BOMB13.RSS <--  /d:/Spil/Atomic Bomberman/DATA/SOUND BOMB13.RSS
2001.03.31 00:09 B C:\Downloads\Atomic Bomberman\DATA\SOUND\BOMB14.RSS <--  /d:/Spil/Atomic Bomberman/DATA/SOUND BOMB14.RSS
2001.03.31 00:09 B C:\Downloads\Atomic Bomberman\DATA\SOUND\BOMB15.RSS <--  /d:/Spil/Atomic Bomberman/DATA/SOUND BOMB15.RSS
2001.03.31 00:09 B C:\Downloads\Atomic Bomberman\DATA\SOUND\BOMB15B.RSS <--  /d:/Spil/Atomic Bomberman/DATA/SOUND BOMB15B.RSS
2001.03.31 00:09 B C:\Downloads\Atomic Bomberman\DATA\SOUND\BOMB16.RSS <--  /d:/Spil/Atomic Bomberman/DATA/SOUND BOMB16.RSS
2001.03.31 00:09 B C:\Downloads\Atomic Bomberman\DATA\SOUND\BOMB17.RSS <--  /d:/Spil/Atomic Bomberman/DATA/SOUND BOMB17.RSS
2001.03.31 00:09 B C:\Downloads\Atomic Bomberman\DATA\SOUND\BOMB18.RSS <--  /d:/Spil/Atomic Bomberman/DATA/SOUND BOMB18.RSS
2001.03.31 00:09 B C:\Downloads\Atomic Bomberman\DATA\SOUND\BOMB19.RSS <--  /d:/Spil/Atomic Bomberman/DATA/SOUND BOMB19.RSS
2001.03.31 00:09 B C:\Downloads\Atomic Bomberman\DATA\SOUND\BOMB2.RSS <--  /d:/Spil/Atomic Bomberman/DATA/SOUND BOMB2.RSS
2001.03.31 00:09 B C:\Downloads\Atomic Bomberman\DATA\SOUND\BOMB20.RSS <--  /d:/Spil/Atomic Bomberman/DATA/SOUND BOMB20.RSS
2001.03.31 00:09 B C:\Downloads\Atomic Bomberman\DATA\SOUND\BOMB21.RSS <--  /d:/Spil/Atomic Bomberman/DATA/SOUND BOMB21.RSS
2001.03.31 00:09 B C:\Downloads\Atomic Bomberman\DATA\SOUND\BOMB21B.RSS <--  /d:/Spil/Atomic Bomberman/DATA/SOUND BOMB21B.RSS
2001.03.31 00:09 B C:\Downloads\Atomic Bomberman\DATA\SOUND\BOMB22.RSS <--  /d:/Spil/Atomic Bomberman/DATA/SOUND BOMB22.RSS
2001.03.31 00:09 B C:\Downloads\Atomic Bomberman\DATA\SOUND\BOMB23.RSS <--  /d:/Spil/Atomic Bomberman/DATA/SOUND BOMB23.RSS
2001.03.31 00:09 B C:\Downloads\Atomic Bomberman\DATA\SOUND\BOMB24.RSS <--  /d:/Spil/Atomic Bomberman/DATA/SOUND BOMB24.RSS
2001.03.31 00:09 B C:\Downloads\Atomic Bomberman\DATA\SOUND\BOMB24B.RSS <--  /d:/Spil/Atomic Bomberman/DATA/SOUND BOMB24B.RSS
2001.03.31 00:09 B C:\Downloads\Atomic Bomberman\DATA\SOUND\BOMB3.RSS <--  /d:/Spil/Atomic Bomberman/DATA/SOUND BOMB3.RSS
2001.03.31 00:09 B C:\Downloads\Atomic Bomberman\DATA\SOUND\BOMB4.RSS <--  /d:/Spil/Atomic Bomberman/DATA/SOUND BOMB4.RSS
2001.03.31 00:09 B C:\Downloads\Atomic Bomberman\DATA\SOUND\BOMB4B.RSS <--  /d:/Spil/Atomic Bomberman/DATA/SOUND BOMB4B.RSS
2001.03.31 00:09 B C:\Downloads\Atomic Bomberman\DATA\SOUND\BOMB5.RSS <--  /d:/Spil/Atomic Bomberman/DATA/SOUND BOMB5.RSS
2001.03.31 00:09 B C:\Downloads\Atomic Bomberman\DATA\SOUND\BOMB6.RSS <--  /d:/Spil/Atomic Bomberman/DATA/SOUND BOMB6.RSS
2001.03.31 00:09 B C:\Downloads\Atomic Bomberman\DATA\SOUND\BOMB7.RSS <--  /d:/Spil/Atomic Bomberman/DATA/SOUND BOMB7.RSS
2001.03.31 00:09 B C:\Downloads\Atomic Bomberman\DATA\SOUND\BOMB7B.RSS <--  /d:/Spil/Atomic Bomberman/DATA/SOUND BOMB7B.RSS
2001.03.31 00:09 B C:\Downloads\Atomic Bomberman\DATA\SOUND\BOMB8.RSS <--  /d:/Spil/Atomic Bomberman/DATA/SOUND BOMB8.RSS
2001.03.31 00:09 B C:\Downloads\Atomic Bomberman\DATA\SOUND\BOMB9.RSS <--  /d:/Spil/Atomic Bomberman/DATA/SOUND BOMB9.RSS
2001.03.31 00:09 B C:\Downloads\Atomic Bomberman\DATA\SOUND\BOMB_01.RSS <--  /d:/Spil/Atomic Bomberman/DATA/SOUND BOMB_01.RSS
2001.03.31 00:09 B C:\Downloads\Atomic Bomberman\DATA\SOUND\BOMB_02.RSS <--  /d:/Spil/Atomic Bomberman/DATA/SOUND BOMB_02.RSS
2001.03.31 00:09 B C:\Downloads\Atomic Bomberman\DATA\SOUND\BOMB_03.RSS <--  /d:/Spil/Atomic Bomberman/DATA/SOUND BOMB_03.RSS
2001.03.31 00:09 B C:\Downloads\Atomic Bomberman\DATA\SOUND\BOMB_04.RSS <--  /d:/Spil/Atomic Bomberman/DATA/SOUND BOMB_04.RSS
2001.03.31 00:09 B C:\Downloads\Atomic Bomberman\DATA\SOUND\BOMB_04B.RSS <--  /d:/Spil/Atomic Bomberman/DATA/SOUND BOMB_04B.RSS
2001.03.31 00:09 B C:\Downloads\Atomic Bomberman\DATA\SOUND\BOMB_05.RSS <--  /d:/Spil/Atomic Bomberman/DATA/SOUND BOMB_05.RSS
2001.03.31 00:09 B C:\Downloads\Atomic Bomberman\DATA\SOUND\BOMB_06.RSS <--  /d:/Spil/Atomic Bomberman/DATA/SOUND BOMB_06.RSS
2001.03.31 00:09 B C:\Downloads\Atomic Bomberman\DATA\SOUND\BOMB_07.RSS <--  /d:/Spil/Atomic Bomberman/DATA/SOUND BOMB_07.RSS
2001.03.31 00:09 B C:\Downloads\Atomic Bomberman\DATA\SOUND\BOMB_07B.RSS <--  /d:/Spil/Atomic Bomberman/DATA/SOUND BOMB_07B.RSS
2001.03.31 00:09 B C:\Downloads\Atomic Bomberman\DATA\SOUND\BOMB_08.RSS <--  /d:/Spil/Atomic Bomberman/DATA/SOUND BOMB_08.RSS
2001.03.31 00:09 B C:\Downloads\Atomic Bomberman\DATA\SOUND\BOMB_09.RSS <--  /d:/Spil/Atomic Bomberman/DATA/SOUND BOMB_09.RSS
2001.03.31 00:09 B C:\Downloads\Atomic Bomberman\DATA\SOUND\BOMB_10.RSS <--  /d:/Spil/Atomic Bomberman/DATA/SOUND BOMB_10.RSS
2001.03.31 00:09 B C:\Downloads\Atomic Bomberman\DATA\SOUND\BOMB_11.RSS <--  /d:/Spil/Atomic Bomberman/DATA/SOUND BOMB_11.RSS
2001.03.31 00:09 B C:\Downloads\Atomic Bomberman\DATA\SOUND\BOMB_12.RSS <--  /d:/Spil/Atomic Bomberman/DATA/SOUND BOMB_12.RSS
2001.03.31 00:09 B C:\Downloads\Atomic Bomberman\DATA\SOUND\BOMB_12B.RSS <--  /d:/Spil/Atomic Bomberman/DATA/SOUND BOMB_12B.RSS
2001.03.31 00:09 B C:\Downloads\Atomic Bomberman\DATA\SOUND\BOMB_13.RSS <--  /d:/Spil/Atomic Bomberman/DATA/SOUND BOMB_13.RSS
2001.03.31 00:09 B C:\Downloads\Atomic Bomberman\DATA\SOUND\BOMB_14.RSS <--  /d:/Spil/Atomic Bomberman/DATA/SOUND BOMB_14.RSS
2001.03.31 00:09 B C:\Downloads\Atomic Bomberman\DATA\SOUND\BOMB_15.RSS <--  /d:/Spil/Atomic Bomberman/DATA/SOUND BOMB_15.RSS
2001.03.31 00:09 B C:\Downloads\Atomic Bomberman\DATA\SOUND\BOMB_15B.RSS <--  /d:/Spil/Atomic Bomberman/DATA/SOUND BOMB_15B.RSS
2001.03.31 00:09 B C:\Downloads\Atomic Bomberman\DATA\SOUND\BOMB_16.RSS <--  /d:/Spil/Atomic Bomberman/DATA/SOUND BOMB_16.RSS
2001.03.31 00:09 B C:\Downloads\Atomic Bomberman\DATA\SOUND\BOMB_17.RSS <--  /d:/Spil/Atomic Bomberman/DATA/SOUND BOMB_17.RSS
2001.03.31 00:09 B C:\Downloads\Atomic Bomberman\DATA\SOUND\BOMB_18.RSS <--  /d:/Spil/Atomic Bomberman/DATA/SOUND BOMB_18.RSS
2001.03.31 00:09 B C:\Downloads\Atomic Bomberman\DATA\SOUND\BOMB_19.RSS <--  /d:/Spil/Atomic Bomberman/DATA/SOUND BOMB_19.RSS
2001.03.31 00:09 B C:\Downloads\Atomic Bomberman\DATA\SOUND\BOMB_20.RSS <--  /d:/Spil/Atomic Bomberman/DATA/SOUND BOMB_20.RSS
2001.03.31 00:09 B C:\Downloads\Atomic Bomberman\DATA\SOUND\BOMB_21.RSS <--  /d:/Spil/Atomic Bomberman/DATA/SOUND BOMB_21.RSS
2001.03.31 00:09 B C:\Downloads\Atomic Bomberman\DATA\SOUND\BOMB_21B.RSS <--  /d:/Spil/Atomic Bomberman/DATA/SOUND BOMB_21B.RSS
2001.03.31 00:09 B C:\Downloads\Atomic Bomberman\DATA\SOUND\BOMB_22.RSS <--  /d:/Spil/Atomic Bomberman/DATA/SOUND BOMB_22.RSS
2001.03.31 00:09 B C:\Downloads\Atomic Bomberman\DATA\SOUND\BOMB_23.RSS <--  /d:/Spil/Atomic Bomberman/DATA/SOUND BOMB_23.RSS
2001.03.31 00:09 B C:\Downloads\Atomic Bomberman\DATA\SOUND\BOMB_24.RSS <--  /d:/Spil/Atomic Bomberman/DATA/SOUND BOMB_24.RSS
2001.03.31 00:09 B C:\Downloads\Atomic Bomberman\DATA\SOUND\BOMB_24B.RSS <--  /d:/Spil/Atomic Bomberman/DATA/SOUND BOMB_24B.RSS
2001.03.31 00:09 B C:\Downloads\Atomic Bomberman\DATA\SOUND\BOMBBOUN.RSS <--  /d:/Spil/Atomic Bomberman/DATA/SOUND BOMBBOUN.RSS
2001.03.31 00:09 B C:\Downloads\Atomic Bomberman\DATA\SOUND\BOMBHIT1.RSS <--  /d:/Spil/Atomic Bomberman/DATA/SOUND BOMBHIT1.RSS
2001.03.31 00:09 B C:\Downloads\Atomic Bomberman\DATA\SOUND\BOMBHIT2.RSS <--  /d:/Spil/Atomic Bomberman/DATA/SOUND BOMBHIT2.RSS
2001.03.31 00:09 B C:\Downloads\Atomic Bomberman\DATA\SOUND\BOMBHIT3.RSS <--  /d:/Spil/Atomic Bomberman/DATA/SOUND BOMBHIT3.RSS
2001.03.31 00:09 B C:\Downloads\Atomic Bomberman\DATA\SOUND\BOMBHIT4.RSS <--  /d:/Spil/Atomic Bomberman/DATA/SOUND BOMBHIT4.RSS
2001.03.31 00:09 B C:\Downloads\Atomic Bomberman\DATA\SOUND\BOMBSTOP.RSS <--  /d:/Spil/Atomic Bomberman/DATA/SOUND BOMBSTOP.RSS
2001.03.31 00:09 B C:\Downloads\Atomic Bomberman\DATA\SOUND\BRAKHEAD.RSS <--  /d:/Spil/Atomic Bomberman/DATA/SOUND BRAKHEAD.RSS
2001.03.31 00:09 B C:\Downloads\Atomic Bomberman\DATA\SOUND\BRINGON.RSS <--  /d:/Spil/Atomic Bomberman/DATA/SOUND BRINGON.RSS
2001.03.31 00:09 B C:\Downloads\Atomic Bomberman\DATA\SOUND\BURNEDUP.RSS <--  /d:/Spil/Atomic Bomberman/DATA/SOUND BURNEDUP.RSS
2001.03.31 00:09 B C:\Downloads\Atomic Bomberman\DATA\SOUND\BUSTASS.RSS <--  /d:/Spil/Atomic Bomberman/DATA/SOUND BUSTASS.RSS
2001.03.31 00:09 B C:\Downloads\Atomic Bomberman\DATA\SOUND\CALLDAD.RSS <--  /d:/Spil/Atomic Bomberman/DATA/SOUND CALLDAD.RSS
2001.03.31 00:09 B C:\Downloads\Atomic Bomberman\DATA\SOUND\CLEAR.RSS <--  /d:/Spil/Atomic Bomberman/DATA/SOUND CLEAR.RSS
2001.03.31 00:09 B C:\Downloads\Atomic Bomberman\DATA\SOUND\CLIKPLAT.RSS <--  /d:/Spil/Atomic Bomberman/DATA/SOUND CLIKPLAT.RSS
2001.03.31 00:09 B C:\Downloads\Atomic Bomberman\DATA\SOUND\COMEGET.RSS <--  /d:/Spil/Atomic Bomberman/DATA/SOUND COMEGET.RSS
2001.03.31 00:09 B C:\Downloads\Atomic Bomberman\DATA\SOUND\COOLPOP.RSS <--  /d:/Spil/Atomic Bomberman/DATA/SOUND COOLPOP.RSS
2001.03.31 00:09 B C:\Downloads\Atomic Bomberman\DATA\SOUND\CRIBROWN.RSS <--  /d:/Spil/Atomic Bomberman/DATA/SOUND CRIBROWN.RSS
2001.03.31 00:09 B C:\Downloads\Atomic Bomberman\DATA\SOUND\CUL8R.RSS <--  /d:/Spil/Atomic Bomberman/DATA/SOUND CUL8R.RSS
2001.03.31 00:09 B C:\Downloads\Atomic Bomberman\DATA\SOUND\DABOMB.RSS <--  /d:/Spil/Atomic Bomberman/DATA/SOUND DABOMB.RSS
2001.03.31 00:09 B C:\Downloads\Atomic Bomberman\DATA\SOUND\DESTU1.RSS <--  /d:/Spil/Atomic Bomberman/DATA/SOUND DESTU1.RSS
2001.03.31 00:09 B C:\Downloads\Atomic Bomberman\DATA\SOUND\DESTU2.RSS <--  /d:/Spil/Atomic Bomberman/DATA/SOUND DESTU2.RSS
2001.03.31 00:09 B C:\Downloads\Atomic Bomberman\DATA\SOUND\DIE1.RSS <--  /d:/Spil/Atomic Bomberman/DATA/SOUND DIE1.RSS
2001.03.31 00:10 B C:\Downloads\Atomic Bomberman\DATA\SOUND\DIS2A.RSS <--  /d:/Spil/Atomic Bomberman/DATA/SOUND DIS2A.RSS
2001.03.31 00:10 B C:\Downloads\Atomic Bomberman\DATA\SOUND\DISEASE1.RSS <--  /d:/Spil/Atomic Bomberman/DATA/SOUND DISEASE1.RSS
2001.03.31 00:10 B C:\Downloads\Atomic Bomberman\DATA\SOUND\DISEASE2.RSS <--  /d:/Spil/Atomic Bomberman/DATA/SOUND DISEASE2.RSS
2001.03.31 00:10 B C:\Downloads\Atomic Bomberman\DATA\SOUND\DISEASE3.RSS <--  /d:/Spil/Atomic Bomberman/DATA/SOUND DISEASE3.RSS
2001.03.31 00:10 B C:\Downloads\Atomic Bomberman\DATA\SOUND\DRABOM.RSS <--  /d:/Spil/Atomic Bomberman/DATA/SOUND DRABOM.RSS
2001.03.31 00:10 B C:\Downloads\Atomic Bomberman\DATA\SOUND\DRAW.RSS <--  /d:/Spil/Atomic Bomberman/DATA/SOUND DRAW.RSS
2001.03.31 00:10 B C:\Downloads\Atomic Bomberman\DATA\SOUND\EATDUST.RSS <--  /d:/Spil/Atomic Bomberman/DATA/SOUND EATDUST.RSS
2001.03.31 00:10 B C:\Downloads\Atomic Bomberman\DATA\SOUND\ELAUGH1.RSS <--  /d:/Spil/Atomic Bomberman/DATA/SOUND ELAUGH1.RSS
2001.03.31 00:10 B C:\Downloads\Atomic Bomberman\DATA\SOUND\ENRT1.RSS <--  /d:/Spil/Atomic Bomberman/DATA/SOUND ENRT1.RSS
2001.03.31 00:10 B C:\Downloads\Atomic Bomberman\DATA\SOUND\ENRT2.RSS <--  /d:/Spil/Atomic Bomberman/DATA/SOUND ENRT2.RSS
2001.03.31 00:10 B C:\Downloads\Atomic Bomberman\DATA\SOUND\EWTAHH.RSS <--  /d:/Spil/Atomic Bomberman/DATA/SOUND EWTAHH.RSS
2001.03.31 00:10 B C:\Downloads\Atomic Bomberman\DATA\SOUND\EXPL6.RSS <--  /d:/Spil/Atomic Bomberman/DATA/SOUND EXPL6.RSS
2001.03.31 00:10 B C:\Downloads\Atomic Bomberman\DATA\SOUND\EXPLO1.RSS <--  /d:/Spil/Atomic Bomberman/DATA/SOUND EXPLO1.RSS
2001.03.31 00:10 B C:\Downloads\Atomic Bomberman\DATA\SOUND\EXPLODE2.RSS <--  /d:/Spil/Atomic Bomberman/DATA/SOUND EXPLODE2.RSS
2001.03.31 00:10 B C:\Downloads\Atomic Bomberman\DATA\SOUND\EXPLODE3.RSS <--  /d:/Spil/Atomic Bomberman/DATA/SOUND EXPLODE3.RSS
2001.03.31 00:10 B C:\Downloads\Atomic Bomberman\DATA\SOUND\EXPLODE4.RSS <--  /d:/Spil/Atomic Bomberman/DATA/SOUND EXPLODE4.RSS
2001.03.31 00:10 B C:\Downloads\Atomic Bomberman\DATA\SOUND\FEELPOWR.RSS <--  /d:/Spil/Atomic Bomberman/DATA/SOUND FEELPOWR.RSS
2001.03.31 00:10 B C:\Downloads\Atomic Bomberman\DATA\SOUND\FILLCRAK.RSS <--  /d:/Spil/Atomic Bomberman/DATA/SOUND FILLCRAK.RSS
2001.03.31 00:10 B C:\Downloads\Atomic Bomberman\DATA\SOUND\FIREINH.RSS <--  /d:/Spil/Atomic Bomberman/DATA/SOUND FIREINH.RSS
2001.03.31 00:10 B C:\Downloads\Atomic Bomberman\DATA\SOUND\GEN8A.RSS <--  /d:/Spil/Atomic Bomberman/DATA/SOUND GEN8A.RSS
2001.03.31 00:10 B C:\Downloads\Atomic Bomberman\DATA\SOUND\GET1.RSS <--  /d:/Spil/Atomic Bomberman/DATA/SOUND GET1.RSS
2001.03.31 00:10 B C:\Downloads\Atomic Bomberman\DATA\SOUND\GET2.RSS <--  /d:/Spil/Atomic Bomberman/DATA/SOUND GET2.RSS
2001.03.31 00:10 B C:\Downloads\Atomic Bomberman\DATA\SOUND\GODHERE.RSS <--  /d:/Spil/Atomic Bomberman/DATA/SOUND GODHERE.RSS
2001.03.31 00:10 B C:\Downloads\Atomic Bomberman\DATA\SOUND\GOTAHURT.RSS <--  /d:/Spil/Atomic Bomberman/DATA/SOUND GOTAHURT.RSS
2001.03.31 00:10 B C:\Downloads\Atomic Bomberman\DATA\SOUND\GOTCHA.RSS <--  /d:/Spil/Atomic Bomberman/DATA/SOUND GOTCHA.RSS
2001.03.31 00:10 B C:\Downloads\Atomic Bomberman\DATA\SOUND\GRAB1.RSS <--  /d:/Spil/Atomic Bomberman/DATA/SOUND GRAB1.RSS
2001.03.31 00:10 B C:\Downloads\Atomic Bomberman\DATA\SOUND\GRAB2.RSS <--  /d:/Spil/Atomic Bomberman/DATA/SOUND GRAB2.RSS
2001.03.31 00:10 B C:\Downloads\Atomic Bomberman\DATA\SOUND\GUMP1.RSS <--  /d:/Spil/Atomic Bomberman/DATA/SOUND GUMP1.RSS
2001.03.31 00:10 B C:\Downloads\Atomic Bomberman\DATA\SOUND\HAILGON.RSS <--  /d:/Spil/Atomic Bomberman/DATA/SOUND HAILGON.RSS
2001.03.31 00:10 B C:\Downloads\Atomic Bomberman\DATA\SOUND\HITSTRID.RSS <--  /d:/Spil/Atomic Bomberman/DATA/SOUND HITSTRID.RSS
2001.03.31 00:10 B C:\Downloads\Atomic Bomberman\DATA\SOUND\HURRY.RSS <--  /d:/Spil/Atomic Bomberman/DATA/SOUND HURRY.RSS
2001.03.31 00:10 B C:\Downloads\Atomic Bomberman\DATA\SOUND\HURYTUF.RSS <--  /d:/Spil/Atomic Bomberman/DATA/SOUND HURYTUF.RSS
2001.03.31 00:10 B C:\Downloads\Atomic Bomberman\DATA\SOUND\INZONE.RSS <--  /d:/Spil/Atomic Bomberman/DATA/SOUND INZONE.RSS
2001.03.31 00:10 B C:\Downloads\Atomic Bomberman\DATA\SOUND\JESUS.RSS <--  /d:/Spil/Atomic Bomberman/DATA/SOUND JESUS.RSS
2001.03.31 00:11 B C:\Downloads\Atomic Bomberman\DATA\SOUND\JJFM1.RSS <--  /d:/Spil/Atomic Bomberman/DATA/SOUND JJFM1.RSS
2001.03.31 00:11 B C:\Downloads\Atomic Bomberman\DATA\SOUND\JJFM2.RSS <--  /d:/Spil/Atomic Bomberman/DATA/SOUND JJFM2.RSS
2001.03.31 00:11 B C:\Downloads\Atomic Bomberman\DATA\SOUND\JJFM3.RSS <--  /d:/Spil/Atomic Bomberman/DATA/SOUND JJFM3.RSS
2001.03.31 00:11 B C:\Downloads\Atomic Bomberman\DATA\SOUND\JJFM4A.RSS <--  /d:/Spil/Atomic Bomberman/DATA/SOUND JJFM4A.RSS
2001.03.31 00:11 B C:\Downloads\Atomic Bomberman\DATA\SOUND\JJFM4B.RSS <--  /d:/Spil/Atomic Bomberman/DATA/SOUND JJFM4B.RSS
2001.03.31 00:11 B C:\Downloads\Atomic Bomberman\DATA\SOUND\JJFM5.RSS <--  /d:/Spil/Atomic Bomberman/DATA/SOUND JJFM5.RSS
2001.03.31 00:11 B C:\Downloads\Atomic Bomberman\DATA\SOUND\JJFM8.RSS <--  /d:/Spil/Atomic Bomberman/DATA/SOUND JJFM8.RSS
2001.03.31 00:11 B C:\Downloads\Atomic Bomberman\DATA\SOUND\JMB1.RSS <--  /d:/Spil/Atomic Bomberman/DATA/SOUND JMB1.RSS
2001.03.31 00:11 B C:\Downloads\Atomic Bomberman\DATA\SOUND\JMB10.RSS <--  /d:/Spil/Atomic Bomberman/DATA/SOUND JMB10.RSS
2001.03.31 00:11 B C:\Downloads\Atomic Bomberman\DATA\SOUND\JMB11.RSS <--  /d:/Spil/Atomic Bomberman/DATA/SOUND JMB11.RSS
2001.03.31 00:11 B C:\Downloads\Atomic Bomberman\DATA\SOUND\JMB12.RSS <--  /d:/Spil/Atomic Bomberman/DATA/SOUND JMB12.RSS
2001.03.31 00:11 B C:\Downloads\Atomic Bomberman\DATA\SOUND\JMB14.RSS <--  /d:/Spil/Atomic Bomberman/DATA/SOUND JMB14.RSS
2001.03.31 00:11 B C:\Downloads\Atomic Bomberman\DATA\SOUND\JMB15.RSS <--  /d:/Spil/Atomic Bomberman/DATA/SOUND JMB15.RSS
2001.03.31 00:11 B C:\Downloads\Atomic Bomberman\DATA\SOUND\JMB16.RSS <--  /d:/Spil/Atomic Bomberman/DATA/SOUND JMB16.RSS
2001.03.31 00:11 B C:\Downloads\Atomic Bomberman\DATA\SOUND\JMB2.RSS <--  /d:/Spil/Atomic Bomberman/DATA/SOUND JMB2.RSS
2001.03.31 00:11 B C:\Downloads\Atomic Bomberman\DATA\SOUND\JMB3.RSS <--  /d:/Spil/Atomic Bomberman/DATA/SOUND JMB3.RSS
2001.03.31 00:11 B C:\Downloads\Atomic Bomberman\DATA\SOUND\JMB4.RSS <--  /d:/Spil/Atomic Bomberman/DATA/SOUND JMB4.RSS
2001.03.31 00:11 B C:\Downloads\Atomic Bomberman\DATA\SOUND\JMB5.RSS <--  /d:/Spil/Atomic Bomberman/DATA/SOUND JMB5.RSS
2001.03.31 00:11 B C:\Downloads\Atomic Bomberman\DATA\SOUND\JMB6.RSS <--  /d:/Spil/Atomic Bomberman/DATA/SOUND JMB6.RSS
2001.03.31 00:11 B C:\Downloads\Atomic Bomberman\DATA\SOUND\JMB7.RSS <--  /d:/Spil/Atomic Bomberman/DATA/SOUND JMB7.RSS
2001.03.31 00:11 B C:\Downloads\Atomic Bomberman\DATA\SOUND\JMB8.RSS <--  /d:/Spil/Atomic Bomberman/DATA/SOUND JMB8.RSS
2001.03.31 00:11 B C:\Downloads\Atomic Bomberman\DATA\SOUND\JMB9.RSS <--  /d:/Spil/Atomic Bomberman/DATA/SOUND JMB9.RSS
2001.03.31 00:11 B C:\Downloads\Atomic Bomberman\DATA\SOUND\JOFM1.RSS <--  /d:/Spil/Atomic Bomberman/DATA/SOUND JOFM1.RSS
2001.03.31 00:11 B C:\Downloads\Atomic Bomberman\DATA\SOUND\JOFM2.RSS <--  /d:/Spil/Atomic Bomberman/DATA/SOUND JOFM2.RSS
2001.03.31 00:11 B C:\Downloads\Atomic Bomberman\DATA\SOUND\KBOMB1.RSS <--  /d:/Spil/Atomic Bomberman/DATA/SOUND KBOMB1.RSS
2001.03.31 00:11 B C:\Downloads\Atomic Bomberman\DATA\SOUND\KBOMB2.RSS <--  /d:/Spil/Atomic Bomberman/DATA/SOUND KBOMB2.RSS
2001.03.31 00:11 B C:\Downloads\Atomic Bomberman\DATA\SOUND\KICKER10.RSS <--  /d:/Spil/Atomic Bomberman/DATA/SOUND KICKER10.RSS
2001.03.31 00:11 B C:\Downloads\Atomic Bomberman\DATA\SOUND\KICKER3.RSS <--  /d:/Spil/Atomic Bomberman/DATA/SOUND KICKER3.RSS
2001.03.31 00:11 B C:\Downloads\Atomic Bomberman\DATA\SOUND\KISSWOOK.RSS <--  /d:/Spil/Atomic Bomberman/DATA/SOUND KISSWOOK.RSS
2001.03.31 00:11 B C:\Downloads\Atomic Bomberman\DATA\SOUND\LATER.RSS <--  /d:/Spil/Atomic Bomberman/DATA/SOUND LATER.RSS
2001.03.31 00:11 B C:\Downloads\Atomic Bomberman\DATA\SOUND\LETTER1.RSS <--  /d:/Spil/Atomic Bomberman/DATA/SOUND LETTER1.RSS
2001.03.31 00:11 B C:\Downloads\Atomic Bomberman\DATA\SOUND\LETTER2.RSS <--  /d:/Spil/Atomic Bomberman/DATA/SOUND LETTER2.RSS
2001.03.31 00:11 B C:\Downloads\Atomic Bomberman\DATA\SOUND\LITEMUP.RSS <--  /d:/Spil/Atomic Bomberman/DATA/SOUND LITEMUP.RSS
2001.03.31 00:11 B C:\Downloads\Atomic Bomberman\DATA\SOUND\LOOKOUT.RSS <--  /d:/Spil/Atomic Bomberman/DATA/SOUND LOOKOUT.RSS
2001.03.31 00:11 B C:\Downloads\Atomic Bomberman\DATA\SOUND\LOSE.RSS <--  /d:/Spil/Atomic Bomberman/DATA/SOUND LOSE.RSS
2001.03.31 00:11 B C:\Downloads\Atomic Bomberman\DATA\SOUND\LOVNIT1.RSS <--  /d:/Spil/Atomic Bomberman/DATA/SOUND LOVNIT1.RSS
2001.03.31 00:11 B C:\Downloads\Atomic Bomberman\DATA\SOUND\LUVYAP.RSS <--  /d:/Spil/Atomic Bomberman/DATA/SOUND LUVYAP.RSS
2001.03.31 00:11 B C:\Downloads\Atomic Bomberman\DATA\SOUND\MENU.RSS <--  /d:/Spil/Atomic Bomberman/DATA/SOUND MENU.RSS
2001.03.31 00:11 B C:\Downloads\Atomic Bomberman\DATA\SOUND\MENUEXIT.RSS <--  /d:/Spil/Atomic Bomberman/DATA/SOUND MENUEXIT.RSS
2001.03.31 00:11 B C:\Downloads\Atomic Bomberman\DATA\SOUND\MOLASES.RSS <--  /d:/Spil/Atomic Bomberman/DATA/SOUND MOLASES.RSS
2001.03.31 00:11 B C:\Downloads\Atomic Bomberman\DATA\SOUND\MYASS1.RSS <--  /d:/Spil/Atomic Bomberman/DATA/SOUND MYASS1.RSS
2001.03.31 00:11 B C:\Downloads\Atomic Bomberman\DATA\SOUND\NETWORK.RSS <--  /d:/Spil/Atomic Bomberman/DATA/SOUND NETWORK.RSS
2001.03.31 00:11 B C:\Downloads\Atomic Bomberman\DATA\SOUND\OHHHH.RSS <--  /d:/Spil/Atomic Bomberman/DATA/SOUND OHHHH.RSS
2001.03.31 00:11 B C:\Downloads\Atomic Bomberman\DATA\SOUND\OHNO1.RSS <--  /d:/Spil/Atomic Bomberman/DATA/SOUND OHNO1.RSS
2001.03.31 00:11 B C:\Downloads\Atomic Bomberman\DATA\SOUND\OHYEAH.RSS <--  /d:/Spil/Atomic Bomberman/DATA/SOUND OHYEAH.RSS
2001.03.31 00:11 B C:\Downloads\Atomic Bomberman\DATA\SOUND\PACKIN.RSS <--  /d:/Spil/Atomic Bomberman/DATA/SOUND PACKIN.RSS
2001.03.31 00:11 B C:\Downloads\Atomic Bomberman\DATA\SOUND\PGAD12B.RSS <--  /d:/Spil/Atomic Bomberman/DATA/SOUND PGAD12B.RSS
2001.03.31 00:11 B C:\Downloads\Atomic Bomberman\DATA\SOUND\PLAYPROP.RSS <--  /d:/Spil/Atomic Bomberman/DATA/SOUND PLAYPROP.RSS
2001.03.31 00:11 B C:\Downloads\Atomic Bomberman\DATA\SOUND\POOPS1.RSS <--  /d:/Spil/Atomic Bomberman/DATA/SOUND POOPS1.RSS
2001.03.31 00:11 B C:\Downloads\Atomic Bomberman\DATA\SOUND\POOPS2.RSS <--  /d:/Spil/Atomic Bomberman/DATA/SOUND POOPS2.RSS
2001.03.31 00:11 B C:\Downloads\Atomic Bomberman\DATA\SOUND\POOPS3.RSS <--  /d:/Spil/Atomic Bomberman/DATA/SOUND POOPS3.RSS
2001.03.31 00:11 B C:\Downloads\Atomic Bomberman\DATA\SOUND\POOPS4.RSS <--  /d:/Spil/Atomic Bomberman/DATA/SOUND POOPS4.RSS
2001.03.31 00:11 B C:\Downloads\Atomic Bomberman\DATA\SOUND\POOPS5.RSS <--  /d:/Spil/Atomic Bomberman/DATA/SOUND POOPS5.RSS
2001.03.31 00:11 B C:\Downloads\Atomic Bomberman\DATA\SOUND\PROUD.RSS <--  /d:/Spil/Atomic Bomberman/DATA/SOUND PROUD.RSS
2001.03.31 00:12 B C:\Downloads\Atomic Bomberman\DATA\SOUND\QUITGAME.RSS <--  /d:/Spil/Atomic Bomberman/DATA/SOUND QUITGAME.RSS
2001.03.31 00:12 B C:\Downloads\Atomic Bomberman\DATA\SOUND\ROASTED.RSS <--  /d:/Spil/Atomic Bomberman/DATA/SOUND ROASTED.RSS
2001.03.31 00:12 B C:\Downloads\Atomic Bomberman\DATA\SOUND\RUNAWAY1.RSS <--  /d:/Spil/Atomic Bomberman/DATA/SOUND RUNAWAY1.RSS
2001.03.31 00:12 B C:\Downloads\Atomic Bomberman\DATA\SOUND\RUNAWAY2.RSS <--  /d:/Spil/Atomic Bomberman/DATA/SOUND RUNAWAY2.RSS
2001.03.31 00:12 B C:\Downloads\Atomic Bomberman\DATA\SOUND\SCHWING.RSS <--  /d:/Spil/Atomic Bomberman/DATA/SOUND SCHWING.RSS
2001.03.31 00:12 B C:\Downloads\Atomic Bomberman\DATA\SOUND\SCREAM1.RSS <--  /d:/Spil/Atomic Bomberman/DATA/SOUND SCREAM1.RSS
2001.03.31 00:12 B C:\Downloads\Atomic Bomberman\DATA\SOUND\SERENDIP.RSS <--  /d:/Spil/Atomic Bomberman/DATA/SOUND SERENDIP.RSS
2001.03.31 00:12 B C:\Downloads\Atomic Bomberman\DATA\SOUND\SHAKEBOO.RSS <--  /d:/Spil/Atomic Bomberman/DATA/SOUND SHAKEBOO.RSS
2001.03.31 00:12 B C:\Downloads\Atomic Bomberman\DATA\SOUND\SMELSMOK.RSS <--  /d:/Spil/Atomic Bomberman/DATA/SOUND SMELSMOK.RSS
2001.03.31 00:12 B C:\Downloads\Atomic Bomberman\DATA\SOUND\SQRDROP2.RSS <--  /d:/Spil/Atomic Bomberman/DATA/SOUND SQRDROP2.RSS
2001.03.31 00:12 B C:\Downloads\Atomic Bomberman\DATA\SOUND\SQRDROP4.RSS <--  /d:/Spil/Atomic Bomberman/DATA/SOUND SQRDROP4.RSS
2001.03.31 00:12 B C:\Downloads\Atomic Bomberman\DATA\SOUND\SQRDROP5.RSS <--  /d:/Spil/Atomic Bomberman/DATA/SOUND SQRDROP5.RSS
2001.03.31 00:12 B C:\Downloads\Atomic Bomberman\DATA\SOUND\SQRDROP6.RSS <--  /d:/Spil/Atomic Bomberman/DATA/SOUND SQRDROP6.RSS
2001.03.31 00:12 B C:\Downloads\Atomic Bomberman\DATA\SOUND\SQRDROP7.RSS <--  /d:/Spil/Atomic Bomberman/DATA/SOUND SQRDROP7.RSS
2001.03.31 00:12 B C:\Downloads\Atomic Bomberman\DATA\SOUND\SQRDROP8.RSS <--  /d:/Spil/Atomic Bomberman/DATA/SOUND SQRDROP8.RSS
2001.03.31 00:12 B C:\Downloads\Atomic Bomberman\DATA\SOUND\SQRDRPS2.RSS <--  /d:/Spil/Atomic Bomberman/DATA/SOUND SQRDRPS2.RSS
2001.03.31 00:12 B C:\Downloads\Atomic Bomberman\DATA\SOUND\SQRDRPS3.RSS <--  /d:/Spil/Atomic Bomberman/DATA/SOUND SQRDRPS3.RSS
2001.03.31 00:12 B C:\Downloads\Atomic Bomberman\DATA\SOUND\STUPIDIO.RSS <--  /d:/Spil/Atomic Bomberman/DATA/SOUND STUPIDIO.RSS
2001.03.31 00:12 B C:\Downloads\Atomic Bomberman\DATA\SOUND\SUCKITDN.RSS <--  /d:/Spil/Atomic Bomberman/DATA/SOUND SUCKITDN.RSS
2001.03.31 00:12 B C:\Downloads\Atomic Bomberman\DATA\SOUND\TASTPAI2.RSS <--  /d:/Spil/Atomic Bomberman/DATA/SOUND TASTPAI2.RSS
2001.03.31 00:12 B C:\Downloads\Atomic Bomberman\DATA\SOUND\TASTPAIN.RSS <--  /d:/Spil/Atomic Bomberman/DATA/SOUND TASTPAIN.RSS
2001.03.31 00:12 B C:\Downloads\Atomic Bomberman\DATA\SOUND\THEMAN.RSS <--  /d:/Spil/Atomic Bomberman/DATA/SOUND THEMAN.RSS
2001.03.31 00:12 B C:\Downloads\Atomic Bomberman\DATA\SOUND\TOEASY.RSS <--  /d:/Spil/Atomic Bomberman/DATA/SOUND TOEASY.RSS
2001.03.31 00:12 B C:\Downloads\Atomic Bomberman\DATA\SOUND\TRAMPO.RSS <--  /d:/Spil/Atomic Bomberman/DATA/SOUND TRAMPO.RSS
2001.03.31 00:12 B C:\Downloads\Atomic Bomberman\DATA\SOUND\TRANSIN.RSS <--  /d:/Spil/Atomic Bomberman/DATA/SOUND TRANSIN.RSS
2001.03.31 00:12 B C:\Downloads\Atomic Bomberman\DATA\SOUND\TRANSOUT.RSS <--  /d:/Spil/Atomic Bomberman/DATA/SOUND TRANSOUT.RSS
2001.03.31 00:12 B C:\Downloads\Atomic Bomberman\DATA\SOUND\WANTMNKY.RSS <--  /d:/Spil/Atomic Bomberman/DATA/SOUND WANTMNKY.RSS
2001.03.31 00:12 B C:\Downloads\Atomic Bomberman\DATA\SOUND\WARP1.RSS <--  /d:/Spil/Atomic Bomberman/DATA/SOUND WARP1.RSS
2001.03.31 00:12 B C:\Downloads\Atomic Bomberman\DATA\SOUND\WHATRUSH.RSS <--  /d:/Spil/Atomic Bomberman/DATA/SOUND WHATRUSH.RSS
2001.03.31 00:12 B C:\Downloads\Atomic Bomberman\DATA\SOUND\WHODAD.RSS <--  /d:/Spil/Atomic Bomberman/DATA/SOUND WHODAD.RSS
2001.03.31 00:12 B C:\Downloads\Atomic Bomberman\DATA\SOUND\WIN.RSS <--  /d:/Spil/Atomic Bomberman/DATA/SOUND WIN.RSS
2001.03.31 00:12 B C:\Downloads\Atomic Bomberman\DATA\SOUND\WLKTAL1.RSS <--  /d:/Spil/Atomic Bomberman/DATA/SOUND WLKTAL1.RSS
2001.03.31 00:12 B C:\Downloads\Atomic Bomberman\DATA\SOUND\WLKTAL2.RSS <--  /d:/Spil/Atomic Bomberman/DATA/SOUND WLKTAL2.RSS
2001.03.31 00:12 B C:\Downloads\Atomic Bomberman\DATA\SOUND\WOOHOO1.RSS <--  /d:/Spil/Atomic Bomberman/DATA/SOUND WOOHOO1.RSS
2001.03.31 00:12 B C:\Downloads\Atomic Bomberman\DATA\SOUND\YEEHAW.RSS <--  /d:/Spil/Atomic Bomberman/DATA/SOUND YEEHAW.RSS
2001.03.31 00:12 B C:\Downloads\Atomic Bomberman\DATA\SOUND\YOASSGRS.RSS <--  /d:/Spil/Atomic Bomberman/DATA/SOUND YOASSGRS.RSS
2001.03.31 00:12 B C:\Downloads\Atomic Bomberman\DATA\SOUND\YOUBLOW.RSS <--  /d:/Spil/Atomic Bomberman/DATA/SOUND YOUBLOW.RSS
2001.03.31 00:12 B C:\Downloads\Atomic Bomberman\DATA\SOUND\YOUWIN1.RSS <--  /d:/Spil/Atomic Bomberman/DATA/SOUND YOUWIN1.RSS
2001.03.31 00:15 B C:\Downloads\Atomic Bomberman\DATA\SOUND\ZEN1.RSS <--  /d:/Spil/Atomic Bomberman/DATA/SOUND ZEN1.RSS
2001.03.31 00:15 B C:\Downloads\Atomic Bomberman\DATA\SOUND\ZEN2.RSS <--  /d:/Spil/Atomic Bomberman/DATA/SOUND ZEN2.RSS
