2001.03.31 00:07 B C:\Downloads\Atomic Bomberman\DATA\ANI\ALIENS1.ANI <--  /d:/Spil/Atomic Bomberman/DATA/ANI ALIENS1.ANI
2001.03.31 00:07 B C:\Downloads\Atomic Bomberman\DATA\ANI\APPLBITE.ANI <--  /d:/Spil/Atomic Bomberman/DATA/ANI APPLBITE.ANI
2001.03.31 00:07 B C:\Downloads\Atomic Bomberman\DATA\ANI\BFONT.ANI <--  /d:/Spil/Atomic Bomberman/DATA/ANI BFONT.ANI
2001.03.31 00:07 B C:\Downloads\Atomic Bomberman\DATA\ANI\BOMANIM2.ANI <--  /d:/Spil/Atomic Bomberman/DATA/ANI BOMANIM2.ANI
2001.03.31 00:07 B C:\Downloads\Atomic Bomberman\DATA\ANI\BOMBANIM.ANI <--  /d:/Spil/Atomic Bomberman/DATA/ANI BOMBANIM.ANI
2001.03.31 00:07 B C:\Downloads\Atomic Bomberman\DATA\ANI\BOMBS.ANI <--  /d:/Spil/Atomic Bomberman/DATA/ANI BOMBS.ANI
2001.03.31 00:07 B C:\Downloads\Atomic Bomberman\DATA\ANI\BOMBWALK.ANI <--  /d:/Spil/Atomic Bomberman/DATA/ANI BOMBWALK.ANI
2001.03.31 00:07 B C:\Downloads\Atomic Bomberman\DATA\ANI\BPICKUP.ANI <--  /d:/Spil/Atomic Bomberman/DATA/ANI BPICKUP.ANI
2001.03.31 00:07 B C:\Downloads\Atomic Bomberman\DATA\ANI\BWALK1.ANI <--  /d:/Spil/Atomic Bomberman/DATA/ANI BWALK1.ANI
2001.03.31 00:07 B C:\Downloads\Atomic Bomberman\DATA\ANI\BWALK2.ANI <--  /d:/Spil/Atomic Bomberman/DATA/ANI BWALK2.ANI
2001.03.31 00:07 B C:\Downloads\Atomic Bomberman\DATA\ANI\BWALK3.ANI <--  /d:/Spil/Atomic Bomberman/DATA/ANI BWALK3.ANI
2001.03.31 00:07 B C:\Downloads\Atomic Bomberman\DATA\ANI\BWALK4.ANI <--  /d:/Spil/Atomic Bomberman/DATA/ANI BWALK4.ANI
2001.03.31 00:07 B C:\Downloads\Atomic Bomberman\DATA\ANI\CLASSICS.ANI <--  /d:/Spil/Atomic Bomberman/DATA/ANI CLASSICS.ANI
2001.03.31 00:07 B C:\Downloads\Atomic Bomberman\DATA\ANI\CONVEYOR.ANI <--  /d:/Spil/Atomic Bomberman/DATA/ANI CONVEYOR.ANI
2001.03.31 00:07 B C:\Downloads\Atomic Bomberman\DATA\ANI\CORNER0.ANI <--  /d:/Spil/Atomic Bomberman/DATA/ANI CORNER0.ANI
2001.03.31 00:07 B C:\Downloads\Atomic Bomberman\DATA\ANI\CORNER1.ANI <--  /d:/Spil/Atomic Bomberman/DATA/ANI CORNER1.ANI
2001.03.31 00:07 B C:\Downloads\Atomic Bomberman\DATA\ANI\CORNER2.ANI <--  /d:/Spil/Atomic Bomberman/DATA/ANI CORNER2.ANI
2001.03.31 00:07 B C:\Downloads\Atomic Bomberman\DATA\ANI\CORNER3.ANI <--  /d:/Spil/Atomic Bomberman/DATA/ANI CORNER3.ANI
2001.03.31 00:07 B C:\Downloads\Atomic Bomberman\DATA\ANI\CORNER4.ANI <--  /d:/Spil/Atomic Bomberman/DATA/ANI CORNER4.ANI
2001.03.31 00:07 B C:\Downloads\Atomic Bomberman\DATA\ANI\CORNER5.ANI <--  /d:/Spil/Atomic Bomberman/DATA/ANI CORNER5.ANI
2001.03.31 00:07 B C:\Downloads\Atomic Bomberman\DATA\ANI\CORNER6.ANI <--  /d:/Spil/Atomic Bomberman/DATA/ANI CORNER6.ANI
2001.03.31 00:07 B C:\Downloads\Atomic Bomberman\DATA\ANI\CORNER7.ANI <--  /d:/Spil/Atomic Bomberman/DATA/ANI CORNER7.ANI
2001.03.31 00:07 B C:\Downloads\Atomic Bomberman\DATA\ANI\DUDS.ANI <--  /d:/Spil/Atomic Bomberman/DATA/ANI DUDS.ANI
2001.03.31 00:07 B C:\Downloads\Atomic Bomberman\DATA\ANI\EDIT.ANI <--  /d:/Spil/Atomic Bomberman/DATA/ANI EDIT.ANI
2001.03.31 00:07 B C:\Downloads\Atomic Bomberman\DATA\ANI\EXTRAS.ANI <--  /d:/Spil/Atomic Bomberman/DATA/ANI EXTRAS.ANI
2001.03.31 00:07 B C:\Downloads\Atomic Bomberman\DATA\ANI\FLAME.ANI <--  /d:/Spil/Atomic Bomberman/DATA/ANI FLAME.ANI
2001.03.31 00:07 B C:\Downloads\Atomic Bomberman\DATA\ANI\HEADWIPE.ANI <--  /d:/Spil/Atomic Bomberman/DATA/ANI HEADWIPE.ANI
2001.03.31 00:07 B C:\Downloads\Atomic Bomberman\DATA\ANI\HURRY.ANI <--  /d:/Spil/Atomic Bomberman/DATA/ANI HURRY.ANI
2001.03.31 00:07 B C:\Downloads\Atomic Bomberman\DATA\ANI\KFACE.ANI <--  /d:/Spil/Atomic Bomberman/DATA/ANI KFACE.ANI
2001.03.31 00:07 B C:\Downloads\Atomic Bomberman\DATA\ANI\KFONT.ANI <--  /d:/Spil/Atomic Bomberman/DATA/ANI KFONT.ANI
2001.03.31 00:07 B C:\Downloads\Atomic Bomberman\DATA\ANI\KICK.ANI <--  /d:/Spil/Atomic Bomberman/DATA/ANI KICK.ANI
2001.03.31 00:07 B C:\Downloads\Atomic Bomberman\DATA\ANI\MASTER.ALI <--  /d:/Spil/Atomic Bomberman/DATA/ANI MASTER.ALI
2001.03.31 00:07 B C:\Downloads\Atomic Bomberman\DATA\ANI\MFLAME.ANI <--  /d:/Spil/Atomic Bomberman/DATA/ANI MFLAME.ANI
2001.03.31 00:07 B C:\Downloads\Atomic Bomberman\DATA\ANI\MISC.ANI <--  /d:/Spil/Atomic Bomberman/DATA/ANI MISC.ANI
2001.03.31 00:07 B C:\Downloads\Atomic Bomberman\DATA\ANI\NUCKBLOW.ANI <--  /d:/Spil/Atomic Bomberman/DATA/ANI NUCKBLOW.ANI
2001.03.31 00:07 B C:\Downloads\Atomic Bomberman\DATA\ANI\POWBOTH.ANI <--  /d:/Spil/Atomic Bomberman/DATA/ANI POWBOTH.ANI
2001.03.31 00:07 B C:\Downloads\Atomic Bomberman\DATA\ANI\POWERS.ANI <--  /d:/Spil/Atomic Bomberman/DATA/ANI POWERS.ANI
2001.03.31 00:07 B C:\Downloads\Atomic Bomberman\DATA\ANI\POWERS1.ANI <--  /d:/Spil/Atomic Bomberman/DATA/ANI POWERS1.ANI
2001.03.31 00:07 B C:\Downloads\Atomic Bomberman\DATA\ANI\POWERSO.ANI <--  /d:/Spil/Atomic Bomberman/DATA/ANI POWERSO.ANI
2001.03.31 00:07 B C:\Downloads\Atomic Bomberman\DATA\ANI\POWERSO2.ANI <--  /d:/Spil/Atomic Bomberman/DATA/ANI POWERSO2.ANI
2001.03.31 00:07 B C:\Downloads\Atomic Bomberman\DATA\ANI\POWERSOK.ANI <--  /d:/Spil/Atomic Bomberman/DATA/ANI POWERSOK.ANI
2001.03.31 00:07 B C:\Downloads\Atomic Bomberman\DATA\ANI\POWERZ.ANI <--  /d:/Spil/Atomic Bomberman/DATA/ANI POWERZ.ANI
2001.03.31 00:07 B C:\Downloads\Atomic Bomberman\DATA\ANI\PUNBOMB1.ANI <--  /d:/Spil/Atomic Bomberman/DATA/ANI PUNBOMB1.ANI
2001.03.31 00:07 B C:\Downloads\Atomic Bomberman\DATA\ANI\PUNBOMB2.ANI <--  /d:/Spil/Atomic Bomberman/DATA/ANI PUNBOMB2.ANI
2001.03.31 00:07 B C:\Downloads\Atomic Bomberman\DATA\ANI\PUNBOMB3.ANI <--  /d:/Spil/Atomic Bomberman/DATA/ANI PUNBOMB3.ANI
2001.03.31 00:07 B C:\Downloads\Atomic Bomberman\DATA\ANI\PUNBOMB4.ANI <--  /d:/Spil/Atomic Bomberman/DATA/ANI PUNBOMB4.ANI
2001.03.31 00:07 B C:\Downloads\Atomic Bomberman\DATA\ANI\PUNCH.ANI <--  /d:/Spil/Atomic Bomberman/DATA/ANI PUNCH.ANI
2001.03.31 00:07 B C:\Downloads\Atomic Bomberman\DATA\ANI\PUP1.ANI <--  /d:/Spil/Atomic Bomberman/DATA/ANI PUP1.ANI
2001.03.31 00:07 B C:\Downloads\Atomic Bomberman\DATA\ANI\PUP2.ANI <--  /d:/Spil/Atomic Bomberman/DATA/ANI PUP2.ANI
2001.03.31 00:07 B C:\Downloads\Atomic Bomberman\DATA\ANI\PUP3.ANI <--  /d:/Spil/Atomic Bomberman/DATA/ANI PUP3.ANI
2001.03.31 00:07 B C:\Downloads\Atomic Bomberman\DATA\ANI\PUP4.ANI <--  /d:/Spil/Atomic Bomberman/DATA/ANI PUP4.ANI
2001.03.31 00:07 B C:\Downloads\Atomic Bomberman\DATA\ANI\SHADOW.ANI <--  /d:/Spil/Atomic Bomberman/DATA/ANI SHADOW.ANI
2001.03.31 00:07 B C:\Downloads\Atomic Bomberman\DATA\ANI\STAND.ANI <--  /d:/Spil/Atomic Bomberman/DATA/ANI STAND.ANI
2001.03.31 00:07 B C:\Downloads\Atomic Bomberman\DATA\ANI\TILES0.ANI <--  /d:/Spil/Atomic Bomberman/DATA/ANI TILES0.ANI
2001.03.31 00:07 B C:\Downloads\Atomic Bomberman\DATA\ANI\TILES1.ANI <--  /d:/Spil/Atomic Bomberman/DATA/ANI TILES1.ANI
2001.03.31 00:07 B C:\Downloads\Atomic Bomberman\DATA\ANI\TILES10.ANI <--  /d:/Spil/Atomic Bomberman/DATA/ANI TILES10.ANI
2001.03.31 00:07 B C:\Downloads\Atomic Bomberman\DATA\ANI\TILES2.ANI <--  /d:/Spil/Atomic Bomberman/DATA/ANI TILES2.ANI
2001.03.31 00:07 B C:\Downloads\Atomic Bomberman\DATA\ANI\TILES3.ANI <--  /d:/Spil/Atomic Bomberman/DATA/ANI TILES3.ANI
2001.03.31 00:07 B C:\Downloads\Atomic Bomberman\DATA\ANI\TILES4.ANI <--  /d:/Spil/Atomic Bomberman/DATA/ANI TILES4.ANI
2001.03.31 00:07 B C:\Downloads\Atomic Bomberman\DATA\ANI\TILES5.ANI <--  /d:/Spil/Atomic Bomberman/DATA/ANI TILES5.ANI
2001.03.31 00:07 B C:\Downloads\Atomic Bomberman\DATA\ANI\TILES6.ANI <--  /d:/Spil/Atomic Bomberman/DATA/ANI TILES6.ANI
2001.03.31 00:07 B C:\Downloads\Atomic Bomberman\DATA\ANI\TILES7.ANI <--  /d:/Spil/Atomic Bomberman/DATA/ANI TILES7.ANI
2001.03.31 00:07 B C:\Downloads\Atomic Bomberman\DATA\ANI\TILES8.ANI <--  /d:/Spil/Atomic Bomberman/DATA/ANI TILES8.ANI
2001.03.31 00:07 B C:\Downloads\Atomic Bomberman\DATA\ANI\TILES9.ANI <--  /d:/Spil/Atomic Bomberman/DATA/ANI TILES9.ANI
2001.03.31 00:07 B C:\Downloads\Atomic Bomberman\DATA\ANI\TRIGANIM.ANI <--  /d:/Spil/Atomic Bomberman/DATA/ANI TRIGANIM.ANI
2001.03.31 00:07 B C:\Downloads\Atomic Bomberman\DATA\ANI\TRIGBOMB.ANI <--  /d:/Spil/Atomic Bomberman/DATA/ANI TRIGBOMB.ANI
2001.03.31 00:07 B C:\Downloads\Atomic Bomberman\DATA\ANI\WALK.ANI <--  /d:/Spil/Atomic Bomberman/DATA/ANI WALK.ANI
2001.03.31 00:07 B C:\Downloads\Atomic Bomberman\DATA\ANI\XBRICK0.ANI <--  /d:/Spil/Atomic Bomberman/DATA/ANI XBRICK0.ANI
2001.03.31 00:07 B C:\Downloads\Atomic Bomberman\DATA\ANI\XBRICK1.ANI <--  /d:/Spil/Atomic Bomberman/DATA/ANI XBRICK1.ANI
2001.03.31 00:07 B C:\Downloads\Atomic Bomberman\DATA\ANI\XBRICK10.ANI <--  /d:/Spil/Atomic Bomberman/DATA/ANI XBRICK10.ANI
2001.03.31 00:07 B C:\Downloads\Atomic Bomberman\DATA\ANI\XBRICK2.ANI <--  /d:/Spil/Atomic Bomberman/DATA/ANI XBRICK2.ANI
2001.03.31 00:07 B C:\Downloads\Atomic Bomberman\DATA\ANI\XBRICK3.ANI <--  /d:/Spil/Atomic Bomberman/DATA/ANI XBRICK3.ANI
2001.03.31 00:08 B C:\Downloads\Atomic Bomberman\DATA\ANI\XBRICK4.ANI <--  /d:/Spil/Atomic Bomberman/DATA/ANI XBRICK4.ANI
2001.03.31 00:08 B C:\Downloads\Atomic Bomberman\DATA\ANI\XBRICK5.ANI <--  /d:/Spil/Atomic Bomberman/DATA/ANI XBRICK5.ANI
2001.03.31 00:08 B C:\Downloads\Atomic Bomberman\DATA\ANI\XBRICK6.ANI <--  /d:/Spil/Atomic Bomberman/DATA/ANI XBRICK6.ANI
2001.03.31 00:08 B C:\Downloads\Atomic Bomberman\DATA\ANI\XBRICK7.ANI <--  /d:/Spil/Atomic Bomberman/DATA/ANI XBRICK7.ANI
2001.03.31 00:08 B C:\Downloads\Atomic Bomberman\DATA\ANI\XBRICK8.ANI <--  /d:/Spil/Atomic Bomberman/DATA/ANI XBRICK8.ANI
2001.03.31 00:08 B C:\Downloads\Atomic Bomberman\DATA\ANI\XBRICK9.ANI <--  /d:/Spil/Atomic Bomberman/DATA/ANI XBRICK9.ANI
2001.03.31 00:08 B C:\Downloads\Atomic Bomberman\DATA\ANI\XPLODE1.ANI <--  /d:/Spil/Atomic Bomberman/DATA/ANI XPLODE1.ANI
2001.03.31 00:08 B C:\Downloads\Atomic Bomberman\DATA\ANI\XPLODE10.ANI <--  /d:/Spil/Atomic Bomberman/DATA/ANI XPLODE10.ANI
2001.03.31 00:08 B C:\Downloads\Atomic Bomberman\DATA\ANI\XPLODE11.ANI <--  /d:/Spil/Atomic Bomberman/DATA/ANI XPLODE11.ANI
2001.03.31 00:08 B C:\Downloads\Atomic Bomberman\DATA\ANI\XPLODE12.ANI <--  /d:/Spil/Atomic Bomberman/DATA/ANI XPLODE12.ANI
2001.03.31 00:08 B C:\Downloads\Atomic Bomberman\DATA\ANI\XPLODE13.ANI <--  /d:/Spil/Atomic Bomberman/DATA/ANI XPLODE13.ANI
2001.03.31 00:08 B C:\Downloads\Atomic Bomberman\DATA\ANI\XPLODE14.ANI <--  /d:/Spil/Atomic Bomberman/DATA/ANI XPLODE14.ANI
2001.03.31 00:08 B C:\Downloads\Atomic Bomberman\DATA\ANI\XPLODE15.ANI <--  /d:/Spil/Atomic Bomberman/DATA/ANI XPLODE15.ANI
2001.03.31 00:08 B C:\Downloads\Atomic Bomberman\DATA\ANI\XPLODE16.ANI <--  /d:/Spil/Atomic Bomberman/DATA/ANI XPLODE16.ANI
2001.03.31 00:08 B C:\Downloads\Atomic Bomberman\DATA\ANI\XPLODE17.ANI <--  /d:/Spil/Atomic Bomberman/DATA/ANI XPLODE17.ANI
2001.03.31 00:08 B C:\Downloads\Atomic Bomberman\DATA\ANI\XPLODE2.ANI <--  /d:/Spil/Atomic Bomberman/DATA/ANI XPLODE2.ANI
2001.03.31 00:08 B C:\Downloads\Atomic Bomberman\DATA\ANI\XPLODE3.ANI <--  /d:/Spil/Atomic Bomberman/DATA/ANI XPLODE3.ANI
2001.03.31 00:08 B C:\Downloads\Atomic Bomberman\DATA\ANI\XPLODE4.ANI <--  /d:/Spil/Atomic Bomberman/DATA/ANI XPLODE4.ANI
2001.03.31 00:08 B C:\Downloads\Atomic Bomberman\DATA\ANI\XPLODE5.ANI <--  /d:/Spil/Atomic Bomberman/DATA/ANI XPLODE5.ANI
2001.03.31 00:08 B C:\Downloads\Atomic Bomberman\DATA\ANI\XPLODE6.ANI <--  /d:/Spil/Atomic Bomberman/DATA/ANI XPLODE6.ANI
2001.03.31 00:08 B C:\Downloads\Atomic Bomberman\DATA\ANI\XPLODE7.ANI <--  /d:/Spil/Atomic Bomberman/DATA/ANI XPLODE7.ANI
2001.03.31 00:08 B C:\Downloads\Atomic Bomberman\DATA\ANI\XPLODE8.ANI <--  /d:/Spil/Atomic Bomberman/DATA/ANI XPLODE8.ANI
2001.03.31 00:08 B C:\Downloads\Atomic Bomberman\DATA\ANI\XPLODE9.ANI <--  /d:/Spil/Atomic Bomberman/DATA/ANI XPLODE9.ANI
2001.03.31 00:08 B C:\Downloads\Atomic Bomberman\DATA\ANI\ZEN.ANI <--  /d:/Spil/Atomic Bomberman/DATA/ANI ZEN.ANI
