2001.03.31 00:08 B C:\Downloads\Atomic Bomberman\DATA\RES\BOMBDUDE.PCX <--  /d:/Spil/Atomic Bomberman/DATA/RES BOMBDUDE.PCX
2001.03.31 00:08 B C:\Downloads\Atomic Bomberman\DATA\RES\BONUS.PCX <--  /d:/Spil/Atomic Bomberman/DATA/RES BONUS.PCX
2001.03.31 00:08 B C:\Downloads\Atomic Bomberman\DATA\RES\CREDBAR.PCX <--  /d:/Spil/Atomic Bomberman/DATA/RES CREDBAR.PCX
2001.03.31 00:08 B C:\Downloads\Atomic Bomberman\DATA\RES\CROUTON.CAM <--  /d:/Spil/Atomic Bomberman/DATA/RES CROUTON.CAM
2001.03.31 00:08 B C:\Downloads\Atomic Bomberman\DATA\RES\DRAW.PCX <--  /d:/Spil/Atomic Bomberman/DATA/RES DRAW.PCX
2001.03.31 00:08 B C:\Downloads\Atomic Bomberman\DATA\RES\EXTRA10.RES <--  /d:/Spil/Atomic Bomberman/DATA/RES EXTRA10.RES
2001.03.31 00:08 B C:\Downloads\Atomic Bomberman\DATA\RES\EXTRA2.RES <--  /d:/Spil/Atomic Bomberman/DATA/RES EXTRA2.RES
2001.03.31 00:08 B C:\Downloads\Atomic Bomberman\DATA\RES\EXTRA3.RES <--  /d:/Spil/Atomic Bomberman/DATA/RES EXTRA3.RES
2001.03.31 00:08 B C:\Downloads\Atomic Bomberman\DATA\RES\EXTRA4.RES <--  /d:/Spil/Atomic Bomberman/DATA/RES EXTRA4.RES
2001.03.31 00:08 B C:\Downloads\Atomic Bomberman\DATA\RES\EXTRA9.RES <--  /d:/Spil/Atomic Bomberman/DATA/RES EXTRA9.RES
2001.03.31 00:08 B C:\Downloads\Atomic Bomberman\DATA\RES\FIELD0.PCX <--  /d:/Spil/Atomic Bomberman/DATA/RES FIELD0.PCX
2001.03.31 00:08 B C:\Downloads\Atomic Bomberman\DATA\RES\FIELD1.PCX <--  /d:/Spil/Atomic Bomberman/DATA/RES FIELD1.PCX
2001.03.31 00:08 B C:\Downloads\Atomic Bomberman\DATA\RES\FIELD10.PCX <--  /d:/Spil/Atomic Bomberman/DATA/RES FIELD10.PCX
2001.03.31 00:08 B C:\Downloads\Atomic Bomberman\DATA\RES\FIELD2.PCX <--  /d:/Spil/Atomic Bomberman/DATA/RES FIELD2.PCX
2001.03.31 00:08 B C:\Downloads\Atomic Bomberman\DATA\RES\FIELD3.PCX <--  /d:/Spil/Atomic Bomberman/DATA/RES FIELD3.PCX
2001.03.31 00:08 B C:\Downloads\Atomic Bomberman\DATA\RES\FIELD4.PCX <--  /d:/Spil/Atomic Bomberman/DATA/RES FIELD4.PCX
2001.03.31 00:08 B C:\Downloads\Atomic Bomberman\DATA\RES\FIELD5.PCX <--  /d:/Spil/Atomic Bomberman/DATA/RES FIELD5.PCX
2001.03.31 00:08 B C:\Downloads\Atomic Bomberman\DATA\RES\FIELD6.PCX <--  /d:/Spil/Atomic Bomberman/DATA/RES FIELD6.PCX
2001.03.31 00:08 B C:\Downloads\Atomic Bomberman\DATA\RES\FIELD7.PCX <--  /d:/Spil/Atomic Bomberman/DATA/RES FIELD7.PCX
2001.03.31 00:08 B C:\Downloads\Atomic Bomberman\DATA\RES\FIELD8.PCX <--  /d:/Spil/Atomic Bomberman/DATA/RES FIELD8.PCX
2001.03.31 00:08 B C:\Downloads\Atomic Bomberman\DATA\RES\FIELD9.PCX <--  /d:/Spil/Atomic Bomberman/DATA/RES FIELD9.PCX
2001.03.31 00:08 B C:\Downloads\Atomic Bomberman\DATA\RES\GHOSTS.CAM <--  /d:/Spil/Atomic Bomberman/DATA/RES GHOSTS.CAM
2001.03.31 00:08 B C:\Downloads\Atomic Bomberman\DATA\RES\GLUE0.PCX <--  /d:/Spil/Atomic Bomberman/DATA/RES GLUE0.PCX
2001.03.31 00:08 B C:\Downloads\Atomic Bomberman\DATA\RES\GLUE1.PCX <--  /d:/Spil/Atomic Bomberman/DATA/RES GLUE1.PCX
2001.03.31 00:08 B C:\Downloads\Atomic Bomberman\DATA\RES\GLUE2.PCX <--  /d:/Spil/Atomic Bomberman/DATA/RES GLUE2.PCX
2001.03.31 00:08 B C:\Downloads\Atomic Bomberman\DATA\RES\GLUE3.PCX <--  /d:/Spil/Atomic Bomberman/DATA/RES GLUE3.PCX
2001.03.31 00:08 B C:\Downloads\Atomic Bomberman\DATA\RES\GLUE4.PCX <--  /d:/Spil/Atomic Bomberman/DATA/RES GLUE4.PCX
2001.03.31 00:08 B C:\Downloads\Atomic Bomberman\DATA\RES\GLUE5.PCX <--  /d:/Spil/Atomic Bomberman/DATA/RES GLUE5.PCX
2001.03.31 00:08 B C:\Downloads\Atomic Bomberman\DATA\RES\GLUE6.PCX <--  /d:/Spil/Atomic Bomberman/DATA/RES GLUE6.PCX
2001.03.31 00:08 B C:\Downloads\Atomic Bomberman\DATA\RES\HSLOGO.PCX <--  /d:/Spil/Atomic Bomberman/DATA/RES HSLOGO.PCX
2001.03.31 00:08 B C:\Downloads\Atomic Bomberman\DATA\RES\IPLOGO.PCX <--  /d:/Spil/Atomic Bomberman/DATA/RES IPLOGO.PCX
2001.03.31 00:08 B C:\Downloads\Atomic Bomberman\DATA\RES\JERM.PCX <--  /d:/Spil/Atomic Bomberman/DATA/RES JERM.PCX
2001.03.31 00:08 B C:\Downloads\Atomic Bomberman\DATA\RES\KURT.PCX <--  /d:/Spil/Atomic Bomberman/DATA/RES KURT.PCX
2001.03.31 00:08 B C:\Downloads\Atomic Bomberman\DATA\RES\KURTHEAD.PCX <--  /d:/Spil/Atomic Bomberman/DATA/RES KURTHEAD.PCX
2001.03.31 00:08 B C:\Downloads\Atomic Bomberman\DATA\RES\MAINMENU.PCX <--  /d:/Spil/Atomic Bomberman/DATA/RES MAINMENU.PCX
2001.03.31 00:08 B C:\Downloads\Atomic Bomberman\DATA\RES\POWBAD.PCX <--  /d:/Spil/Atomic Bomberman/DATA/RES POWBAD.PCX
2001.03.31 00:08 B C:\Downloads\Atomic Bomberman\DATA\RES\POWBOMB.PCX <--  /d:/Spil/Atomic Bomberman/DATA/RES POWBOMB.PCX
2001.03.31 00:08 B C:\Downloads\Atomic Bomberman\DATA\RES\POWDISEA.PCX <--  /d:/Spil/Atomic Bomberman/DATA/RES POWDISEA.PCX
2001.03.31 00:08 B C:\Downloads\Atomic Bomberman\DATA\RES\POWEBOLA.PCX <--  /d:/Spil/Atomic Bomberman/DATA/RES POWEBOLA.PCX
2001.03.31 00:08 B C:\Downloads\Atomic Bomberman\DATA\RES\POWFAST.PCX <--  /d:/Spil/Atomic Bomberman/DATA/RES POWFAST.PCX
2001.03.31 00:08 B C:\Downloads\Atomic Bomberman\DATA\RES\POWFLAME.PCX <--  /d:/Spil/Atomic Bomberman/DATA/RES POWFLAME.PCX
2001.03.31 00:08 B C:\Downloads\Atomic Bomberman\DATA\RES\POWGOLD.PCX <--  /d:/Spil/Atomic Bomberman/DATA/RES POWGOLD.PCX
2001.03.31 00:08 B C:\Downloads\Atomic Bomberman\DATA\RES\POWGRAB.PCX <--  /d:/Spil/Atomic Bomberman/DATA/RES POWGRAB.PCX
2001.03.31 00:08 B C:\Downloads\Atomic Bomberman\DATA\RES\POWJELLY.PCX <--  /d:/Spil/Atomic Bomberman/DATA/RES POWJELLY.PCX
2001.03.31 00:08 B C:\Downloads\Atomic Bomberman\DATA\RES\POWKICK.PCX <--  /d:/Spil/Atomic Bomberman/DATA/RES POWKICK.PCX
2001.03.31 00:08 B C:\Downloads\Atomic Bomberman\DATA\RES\POWPUNCH.PCX <--  /d:/Spil/Atomic Bomberman/DATA/RES POWPUNCH.PCX
2001.03.31 00:08 B C:\Downloads\Atomic Bomberman\DATA\RES\POWRAND.PCX <--  /d:/Spil/Atomic Bomberman/DATA/RES POWRAND.PCX
2001.03.31 00:08 B C:\Downloads\Atomic Bomberman\DATA\RES\POWSKATE.PCX <--  /d:/Spil/Atomic Bomberman/DATA/RES POWSKATE.PCX
2001.03.31 00:08 B C:\Downloads\Atomic Bomberman\DATA\RES\POWSLOW.PCX <--  /d:/Spil/Atomic Bomberman/DATA/RES POWSLOW.PCX
2001.03.31 00:08 B C:\Downloads\Atomic Bomberman\DATA\RES\POWSPOOG.PCX <--  /d:/Spil/Atomic Bomberman/DATA/RES POWSPOOG.PCX
2001.03.31 00:08 B C:\Downloads\Atomic Bomberman\DATA\RES\POWTRIG.PCX <--  /d:/Spil/Atomic Bomberman/DATA/RES POWTRIG.PCX
2001.03.31 00:08 B C:\Downloads\Atomic Bomberman\DATA\RES\QALOGO.PCX <--  /d:/Spil/Atomic Bomberman/DATA/RES QALOGO.PCX
2001.03.31 00:08 B C:\Downloads\Atomic Bomberman\DATA\RES\RESULTS.PCX <--  /d:/Spil/Atomic Bomberman/DATA/RES RESULTS.PCX
2001.03.31 00:08 B C:\Downloads\Atomic Bomberman\DATA\RES\ROULETTE.PCX <--  /d:/Spil/Atomic Bomberman/DATA/RES ROULETTE.PCX
2001.03.31 00:08 B C:\Downloads\Atomic Bomberman\DATA\RES\SIMPLE.CAM <--  /d:/Spil/Atomic Bomberman/DATA/RES SIMPLE.CAM
2001.03.31 00:08 B C:\Downloads\Atomic Bomberman\DATA\RES\SOUNDLST.RES <--  /d:/Spil/Atomic Bomberman/DATA/RES SOUNDLST.RES
2001.03.31 00:08 B C:\Downloads\Atomic Bomberman\DATA\RES\TEAM0.PCX <--  /d:/Spil/Atomic Bomberman/DATA/RES TEAM0.PCX
2001.03.31 00:08 B C:\Downloads\Atomic Bomberman\DATA\RES\TEAM1.PCX <--  /d:/Spil/Atomic Bomberman/DATA/RES TEAM1.PCX
2001.03.31 00:08 B C:\Downloads\Atomic Bomberman\DATA\RES\TITLE.PCX <--  /d:/Spil/Atomic Bomberman/DATA/RES TITLE.PCX
2001.03.31 00:08 B C:\Downloads\Atomic Bomberman\DATA\RES\VALUELST.RES <--  /d:/Spil/Atomic Bomberman/DATA/RES VALUELST.RES
2001.03.31 00:08 B C:\Downloads\Atomic Bomberman\DATA\RES\VICTORY0.PCX <--  /d:/Spil/Atomic Bomberman/DATA/RES VICTORY0.PCX
2001.03.31 00:08 B C:\Downloads\Atomic Bomberman\DATA\RES\VICTORY1.PCX <--  /d:/Spil/Atomic Bomberman/DATA/RES VICTORY1.PCX
2001.03.31 00:08 B C:\Downloads\Atomic Bomberman\DATA\RES\VICTORY2.PCX <--  /d:/Spil/Atomic Bomberman/DATA/RES VICTORY2.PCX
2001.03.31 00:08 B C:\Downloads\Atomic Bomberman\DATA\RES\VICTORY3.PCX <--  /d:/Spil/Atomic Bomberman/DATA/RES VICTORY3.PCX
2001.03.31 00:08 B C:\Downloads\Atomic Bomberman\DATA\RES\VICTORY4.PCX <--  /d:/Spil/Atomic Bomberman/DATA/RES VICTORY4.PCX
2001.03.31 00:08 B C:\Downloads\Atomic Bomberman\DATA\RES\VICTORY5.PCX <--  /d:/Spil/Atomic Bomberman/DATA/RES VICTORY5.PCX
2001.03.31 00:08 B C:\Downloads\Atomic Bomberman\DATA\RES\VICTORY6.PCX <--  /d:/Spil/Atomic Bomberman/DATA/RES VICTORY6.PCX
2001.03.31 00:08 B C:\Downloads\Atomic Bomberman\DATA\RES\VICTORY7.PCX <--  /d:/Spil/Atomic Bomberman/DATA/RES VICTORY7.PCX
2001.03.31 00:08 B C:\Downloads\Atomic Bomberman\DATA\RES\VICTORY8.PCX <--  /d:/Spil/Atomic Bomberman/DATA/RES VICTORY8.PCX
2001.03.31 00:08 B C:\Downloads\Atomic Bomberman\DATA\RES\VICTORY9.PCX <--  /d:/Spil/Atomic Bomberman/DATA/RES VICTORY9.PCX
2001.03.31 00:08 B C:\Downloads\Atomic Bomberman\DATA\RES\WINZ.PCX <--  /d:/Spil/Atomic Bomberman/DATA/RES WINZ.PCX
