2001.03.31 00:08 B C:\Downloads\Atomic Bomberman\DATA\SCHEMES\4CORNERS.SCH <--  /d:/Spil/Atomic Bomberman/DATA/SCHEMES 4CORNERS.SCH
2001.03.31 00:08 B C:\Downloads\Atomic Bomberman\DATA\SCHEMES\AIRCHAOS.SCH <--  /d:/Spil/Atomic Bomberman/DATA/SCHEMES AIRCHAOS.SCH
2001.03.31 00:08 B C:\Downloads\Atomic Bomberman\DATA\SCHEMES\AIRMAIL.SCH <--  /d:/Spil/Atomic Bomberman/DATA/SCHEMES AIRMAIL.SCH
2001.03.31 00:08 B C:\Downloads\Atomic Bomberman\DATA\SCHEMES\ALLEYS.SCH <--  /d:/Spil/Atomic Bomberman/DATA/SCHEMES ALLEYS.SCH
2001.03.31 00:08 B C:\Downloads\Atomic Bomberman\DATA\SCHEMES\ALLEYS2.SCH <--  /d:/Spil/Atomic Bomberman/DATA/SCHEMES ALLEYS2.SCH
2001.03.31 00:08 B C:\Downloads\Atomic Bomberman\DATA\SCHEMES\ANTFARM.SCH <--  /d:/Spil/Atomic Bomberman/DATA/SCHEMES ANTFARM.SCH
2001.03.31 00:08 B C:\Downloads\Atomic Bomberman\DATA\SCHEMES\ASYLUM.SCH <--  /d:/Spil/Atomic Bomberman/DATA/SCHEMES ASYLUM.SCH
2001.03.31 00:08 B C:\Downloads\Atomic Bomberman\DATA\SCHEMES\BACK.SCH <--  /d:/Spil/Atomic Bomberman/DATA/SCHEMES BACK.SCH
2001.03.31 00:08 B C:\Downloads\Atomic Bomberman\DATA\SCHEMES\BACK2.SCH <--  /d:/Spil/Atomic Bomberman/DATA/SCHEMES BACK2.SCH
2001.03.31 00:08 B C:\Downloads\Atomic Bomberman\DATA\SCHEMES\BASIC.SCH <--  /d:/Spil/Atomic Bomberman/DATA/SCHEMES BASIC.SCH
2001.03.31 00:08 B C:\Downloads\Atomic Bomberman\DATA\SCHEMES\BASICSML.SCH <--  /d:/Spil/Atomic Bomberman/DATA/SCHEMES BASICSML.SCH
2001.03.31 00:08 B C:\Downloads\Atomic Bomberman\DATA\SCHEMES\BMAN93.SCH <--  /d:/Spil/Atomic Bomberman/DATA/SCHEMES BMAN93.SCH
2001.03.31 00:08 B C:\Downloads\Atomic Bomberman\DATA\SCHEMES\BORDER.SCH <--  /d:/Spil/Atomic Bomberman/DATA/SCHEMES BORDER.SCH
2001.03.31 00:08 B C:\Downloads\Atomic Bomberman\DATA\SCHEMES\BOWLING.SCH <--  /d:/Spil/Atomic Bomberman/DATA/SCHEMES BOWLING.SCH
2001.03.31 00:08 B C:\Downloads\Atomic Bomberman\DATA\SCHEMES\BOXED.SCH <--  /d:/Spil/Atomic Bomberman/DATA/SCHEMES BOXED.SCH
2001.03.31 00:08 B C:\Downloads\Atomic Bomberman\DATA\SCHEMES\BREAKOUT.SCH <--  /d:/Spil/Atomic Bomberman/DATA/SCHEMES BREAKOUT.SCH
2001.03.31 00:08 B C:\Downloads\Atomic Bomberman\DATA\SCHEMES\BUNCH.SCH <--  /d:/Spil/Atomic Bomberman/DATA/SCHEMES BUNCH.SCH
2001.03.31 00:08 B C:\Downloads\Atomic Bomberman\DATA\SCHEMES\CASTLE.SCH <--  /d:/Spil/Atomic Bomberman/DATA/SCHEMES CASTLE.SCH
2001.03.31 00:08 B C:\Downloads\Atomic Bomberman\DATA\SCHEMES\CASTLE2.SCH <--  /d:/Spil/Atomic Bomberman/DATA/SCHEMES CASTLE2.SCH
2001.03.31 00:08 B C:\Downloads\Atomic Bomberman\DATA\SCHEMES\CHAIN.SCH <--  /d:/Spil/Atomic Bomberman/DATA/SCHEMES CHAIN.SCH
2001.03.31 00:08 B C:\Downloads\Atomic Bomberman\DATA\SCHEMES\CHASE.SCH <--  /d:/Spil/Atomic Bomberman/DATA/SCHEMES CHASE.SCH
2001.03.31 00:08 B C:\Downloads\Atomic Bomberman\DATA\SCHEMES\CHECKERS.SCH <--  /d:/Spil/Atomic Bomberman/DATA/SCHEMES CHECKERS.SCH
2001.03.31 00:08 B C:\Downloads\Atomic Bomberman\DATA\SCHEMES\CHICANE.SCH <--  /d:/Spil/Atomic Bomberman/DATA/SCHEMES CHICANE.SCH
2001.03.31 00:08 B C:\Downloads\Atomic Bomberman\DATA\SCHEMES\CLEAR.SCH <--  /d:/Spil/Atomic Bomberman/DATA/SCHEMES CLEAR.SCH
2001.03.31 00:08 B C:\Downloads\Atomic Bomberman\DATA\SCHEMES\CLEARING.SCH <--  /d:/Spil/Atomic Bomberman/DATA/SCHEMES CLEARING.SCH
2001.03.31 00:08 B C:\Downloads\Atomic Bomberman\DATA\SCHEMES\CONFUSED.SCH <--  /d:/Spil/Atomic Bomberman/DATA/SCHEMES CONFUSED.SCH
2001.03.31 00:08 B C:\Downloads\Atomic Bomberman\DATA\SCHEMES\CUBIC.SCH <--  /d:/Spil/Atomic Bomberman/DATA/SCHEMES CUBIC.SCH
2001.03.31 00:08 B C:\Downloads\Atomic Bomberman\DATA\SCHEMES\CUTTER.SCH <--  /d:/Spil/Atomic Bomberman/DATA/SCHEMES CUTTER.SCH
2001.03.31 00:08 B C:\Downloads\Atomic Bomberman\DATA\SCHEMES\CUTTHROT.SCH <--  /d:/Spil/Atomic Bomberman/DATA/SCHEMES CUTTHROT.SCH
2001.03.31 00:08 B C:\Downloads\Atomic Bomberman\DATA\SCHEMES\DEADEND.SCH <--  /d:/Spil/Atomic Bomberman/DATA/SCHEMES DEADEND.SCH
2001.03.31 00:08 B C:\Downloads\Atomic Bomberman\DATA\SCHEMES\DIAMOND.SCH <--  /d:/Spil/Atomic Bomberman/DATA/SCHEMES DIAMOND.SCH
2001.03.31 00:08 B C:\Downloads\Atomic Bomberman\DATA\SCHEMES\DOGRACE.SCH <--  /d:/Spil/Atomic Bomberman/DATA/SCHEMES DOGRACE.SCH
2001.03.31 00:08 B C:\Downloads\Atomic Bomberman\DATA\SCHEMES\DOME.SCH <--  /d:/Spil/Atomic Bomberman/DATA/SCHEMES DOME.SCH
2001.03.31 00:08 B C:\Downloads\Atomic Bomberman\DATA\SCHEMES\E_VS_W.SCH <--  /d:/Spil/Atomic Bomberman/DATA/SCHEMES E_VS_W.SCH
2001.03.31 00:08 B C:\Downloads\Atomic Bomberman\DATA\SCHEMES\FAIR.SCH <--  /d:/Spil/Atomic Bomberman/DATA/SCHEMES FAIR.SCH
2001.03.31 00:08 B C:\Downloads\Atomic Bomberman\DATA\SCHEMES\FARGO.SCH <--  /d:/Spil/Atomic Bomberman/DATA/SCHEMES FARGO.SCH
2001.03.31 00:08 B C:\Downloads\Atomic Bomberman\DATA\SCHEMES\FORT.SCH <--  /d:/Spil/Atomic Bomberman/DATA/SCHEMES FORT.SCH
2001.03.31 00:08 B C:\Downloads\Atomic Bomberman\DATA\SCHEMES\FREEWAY.SCH <--  /d:/Spil/Atomic Bomberman/DATA/SCHEMES FREEWAY.SCH
2001.03.31 00:08 B C:\Downloads\Atomic Bomberman\DATA\SCHEMES\GRIDLOCK.SCH <--  /d:/Spil/Atomic Bomberman/DATA/SCHEMES GRIDLOCK.SCH
2001.03.31 00:08 B C:\Downloads\Atomic Bomberman\DATA\SCHEMES\HAPPY.SCH <--  /d:/Spil/Atomic Bomberman/DATA/SCHEMES HAPPY.SCH
2001.03.31 00:08 B C:\Downloads\Atomic Bomberman\DATA\SCHEMES\JAIL.SCH <--  /d:/Spil/Atomic Bomberman/DATA/SCHEMES JAIL.SCH
2001.03.31 00:08 B C:\Downloads\Atomic Bomberman\DATA\SCHEMES\LEAK.SCH <--  /d:/Spil/Atomic Bomberman/DATA/SCHEMES LEAK.SCH
2001.03.31 00:08 B C:\Downloads\Atomic Bomberman\DATA\SCHEMES\N_VS_S.SCH <--  /d:/Spil/Atomic Bomberman/DATA/SCHEMES N_VS_S.SCH
2001.03.31 00:08 B C:\Downloads\Atomic Bomberman\DATA\SCHEMES\NEIGHBOR.SCH <--  /d:/Spil/Atomic Bomberman/DATA/SCHEMES NEIGHBOR.SCH
2001.03.31 00:08 B C:\Downloads\Atomic Bomberman\DATA\SCHEMES\NEIL.SCH <--  /d:/Spil/Atomic Bomberman/DATA/SCHEMES NEIL.SCH
2001.03.31 00:08 B C:\Downloads\Atomic Bomberman\DATA\SCHEMES\OBSTACLE.SCH <--  /d:/Spil/Atomic Bomberman/DATA/SCHEMES OBSTACLE.SCH
2001.03.31 00:08 B C:\Downloads\Atomic Bomberman\DATA\SCHEMES\OG.SCH <--  /d:/Spil/Atomic Bomberman/DATA/SCHEMES OG.SCH
2001.03.31 00:08 B C:\Downloads\Atomic Bomberman\DATA\SCHEMES\PATTERN.SCH <--  /d:/Spil/Atomic Bomberman/DATA/SCHEMES PATTERN.SCH
2001.03.31 00:08 B C:\Downloads\Atomic Bomberman\DATA\SCHEMES\PINGPONG.SCH <--  /d:/Spil/Atomic Bomberman/DATA/SCHEMES PINGPONG.SCH
2001.03.31 00:08 B C:\Downloads\Atomic Bomberman\DATA\SCHEMES\PURIST.SCH <--  /d:/Spil/Atomic Bomberman/DATA/SCHEMES PURIST.SCH
2001.03.31 00:08 B C:\Downloads\Atomic Bomberman\DATA\SCHEMES\R_GARDEN.SCH <--  /d:/Spil/Atomic Bomberman/DATA/SCHEMES R_GARDEN.SCH
2001.03.31 00:08 B C:\Downloads\Atomic Bomberman\DATA\SCHEMES\RACER1.SCH <--  /d:/Spil/Atomic Bomberman/DATA/SCHEMES RACER1.SCH
2001.03.31 00:08 B C:\Downloads\Atomic Bomberman\DATA\SCHEMES\RAIL1.SCH <--  /d:/Spil/Atomic Bomberman/DATA/SCHEMES RAIL1.SCH
2001.03.31 00:08 B C:\Downloads\Atomic Bomberman\DATA\SCHEMES\RAILROAD.SCH <--  /d:/Spil/Atomic Bomberman/DATA/SCHEMES RAILROAD.SCH
2001.03.31 00:08 B C:\Downloads\Atomic Bomberman\DATA\SCHEMES\ROOMMATE.SCH <--  /d:/Spil/Atomic Bomberman/DATA/SCHEMES ROOMMATE.SCH
2001.03.31 00:08 B C:\Downloads\Atomic Bomberman\DATA\SCHEMES\SPIRAL.SCH <--  /d:/Spil/Atomic Bomberman/DATA/SCHEMES SPIRAL.SCH
2001.03.31 00:08 B C:\Downloads\Atomic Bomberman\DATA\SCHEMES\SPREAD.SCH <--  /d:/Spil/Atomic Bomberman/DATA/SCHEMES SPREAD.SCH
2001.03.31 00:08 B C:\Downloads\Atomic Bomberman\DATA\SCHEMES\TENNIS.SCH <--  /d:/Spil/Atomic Bomberman/DATA/SCHEMES TENNIS.SCH
2001.03.31 00:08 B C:\Downloads\Atomic Bomberman\DATA\SCHEMES\THATTHIS.SCH <--  /d:/Spil/Atomic Bomberman/DATA/SCHEMES THATTHIS.SCH
2001.03.31 00:08 B C:\Downloads\Atomic Bomberman\DATA\SCHEMES\THE_RIM.SCH <--  /d:/Spil/Atomic Bomberman/DATA/SCHEMES THE_RIM.SCH
2001.03.31 00:08 B C:\Downloads\Atomic Bomberman\DATA\SCHEMES\THISTHAT.SCH <--  /d:/Spil/Atomic Bomberman/DATA/SCHEMES THISTHAT.SCH
2001.03.31 00:08 B C:\Downloads\Atomic Bomberman\DATA\SCHEMES\TIGHT.SCH <--  /d:/Spil/Atomic Bomberman/DATA/SCHEMES TIGHT.SCH
2001.03.31 00:08 B C:\Downloads\Atomic Bomberman\DATA\SCHEMES\TOILET.SCH <--  /d:/Spil/Atomic Bomberman/DATA/SCHEMES TOILET.SCH
2001.03.31 00:08 B C:\Downloads\Atomic Bomberman\DATA\SCHEMES\UTURN.SCH <--  /d:/Spil/Atomic Bomberman/DATA/SCHEMES UTURN.SCH
2001.03.31 00:08 B C:\Downloads\Atomic Bomberman\DATA\SCHEMES\VOLLEY.SCH <--  /d:/Spil/Atomic Bomberman/DATA/SCHEMES VOLLEY.SCH
2001.03.31 00:08 B C:\Downloads\Atomic Bomberman\DATA\SCHEMES\WALLYBOM.SCH <--  /d:/Spil/Atomic Bomberman/DATA/SCHEMES WALLYBOM.SCH
2001.03.31 00:08 B C:\Downloads\Atomic Bomberman\DATA\SCHEMES\X.SCH <--  /d:/Spil/Atomic Bomberman/DATA/SCHEMES X.SCH
